[0.359s] DEBUG:colcon:Command line arguments: ['/usr/bin/colcon', 'build', '--symlink-install']
[0.360s] DEBUG:colcon:Parsed command line arguments: Namespace(log_base=None, log_level=None, verb_name='build', build_base='build', install_base='install', merge_install=False, symlink_install=True, test_result_base=None, continue_on_error=False, executor='parallel', parallel_workers=4, event_handlers=None, ignore_user_meta=False, metas=['./colcon.meta'], base_paths=['.'], packages_ignore=None, packages_ignore_regex=None, paths=None, packages_up_to=None, packages_up_to_regex=None, packages_above=None, packages_above_and_dependencies=None, packages_above_depth=None, packages_select_by_dep=None, packages_skip_by_dep=None, packages_skip_up_to=None, packages_select_build_failed=False, packages_skip_build_finished=False, packages_select_test_failures=False, packages_skip_test_passed=False, packages_select=None, packages_skip=None, packages_select_regex=None, packages_skip_regex=None, packages_start=None, packages_end=None, cmake_args=None, cmake_target=None, cmake_target_skip_unavailable=False, cmake_clean_cache=False, cmake_clean_first=False, cmake_force_configure=False, ament_cmake_args=None, catkin_cmake_args=None, catkin_skip_building_tests=False, mixin_files=None, mixin=None, verb_parser=<colcon_mixin.mixin.mixin_argument.MixinArgumentDecorator object at 0x7fa0b151fd60>, verb_extension=<colcon_core.verb.build.BuildVerb object at 0x7fa0b151f760>, main=<bound method BuildVerb.main of <colcon_core.verb.build.BuildVerb object at 0x7fa0b151f760>>, mixin_verb=('build',))
[0.655s] Level 1:colcon.colcon_core.package_discovery:discover_packages(colcon_meta) check parameters
[0.657s] INFO:colcon.colcon_metadata.package_discovery.colcon_meta:Using configuration from '/root/.colcon/metadata/default/Gazebo.meta'
[0.659s] INFO:colcon.colcon_metadata.package_discovery.colcon_meta:Using configuration from '/root/.colcon/metadata/default/fastdds.meta'
[0.661s] INFO:colcon.colcon_metadata.package_discovery.colcon_meta:Using configuration from '/root/.colcon/metadata/default/fastrtps.meta'
[0.662s] Level 1:colcon.colcon_core.package_discovery:discover_packages(recursive) check parameters
[0.663s] Level 1:colcon.colcon_core.package_discovery:discover_packages(ignore) check parameters
[0.663s] Level 1:colcon.colcon_core.package_discovery:discover_packages(path) check parameters
[0.663s] Level 1:colcon.colcon_core.package_discovery:discover_packages(colcon_meta) discover
[0.664s] Level 1:colcon.colcon_core.package_discovery:discover_packages(recursive) discover
[0.664s] INFO:colcon.colcon_core.package_discovery:Crawling recursively for packages in '/root/ROS_sim'
[0.666s] Level 1:colcon.colcon_core.package_identification:_identify(.) by extensions ['ignore', 'ignore_ament_install']
[0.666s] Level 1:colcon.colcon_core.package_identification:_identify(.) by extension 'ignore'
[0.667s] Level 1:colcon.colcon_core.package_identification:_identify(.) by extension 'ignore_ament_install'
[0.668s] Level 1:colcon.colcon_core.package_identification:_identify(.) by extensions ['colcon_pkg']
[0.668s] Level 1:colcon.colcon_core.package_identification:_identify(.) by extension 'colcon_pkg'
[0.669s] Level 1:colcon.colcon_core.package_identification:_identify(.) by extensions ['colcon_meta']
[0.669s] Level 1:colcon.colcon_core.package_identification:_identify(.) by extension 'colcon_meta'
[0.670s] Level 1:colcon.colcon_core.package_identification:_identify(.) by extensions ['ros']
[0.670s] Level 1:colcon.colcon_core.package_identification:_identify(.) by extension 'ros'
[0.710s] Level 1:colcon.colcon_core.package_identification:_identify(.) by extensions ['cmake', 'python']
[0.711s] Level 1:colcon.colcon_core.package_identification:_identify(.) by extension 'cmake'
[0.712s] Level 1:colcon.colcon_core.package_identification:_identify(.) by extension 'python'
[0.713s] Level 1:colcon.colcon_core.package_identification:_identify(.) by extensions ['python_setup_py']
[0.714s] Level 1:colcon.colcon_core.package_identification:_identify(.) by extension 'python_setup_py'
[0.716s] Level 1:colcon.colcon_core.package_identification:_identify(build) by extensions ['ignore', 'ignore_ament_install']
[0.718s] Level 1:colcon.colcon_core.package_identification:_identify(build) by extension 'ignore'
[0.718s] Level 1:colcon.colcon_core.package_identification:_identify(build) ignored
[0.720s] Level 1:colcon.colcon_core.package_identification:_identify(data) by extensions ['ignore', 'ignore_ament_install']
[0.721s] Level 1:colcon.colcon_core.package_identification:_identify(data) by extension 'ignore'
[0.722s] Level 1:colcon.colcon_core.package_identification:_identify(data) by extension 'ignore_ament_install'
[0.723s] Level 1:colcon.colcon_core.package_identification:_identify(data) by extensions ['colcon_pkg']
[0.726s] Level 1:colcon.colcon_core.package_identification:_identify(data) by extension 'colcon_pkg'
[0.728s] Level 1:colcon.colcon_core.package_identification:_identify(data) by extensions ['colcon_meta']
[0.728s] Level 1:colcon.colcon_core.package_identification:_identify(data) by extension 'colcon_meta'
[0.729s] Level 1:colcon.colcon_core.package_identification:_identify(data) by extensions ['ros']
[0.729s] Level 1:colcon.colcon_core.package_identification:_identify(data) by extension 'ros'
[0.730s] Level 1:colcon.colcon_core.package_identification:_identify(data) by extensions ['cmake', 'python']
[0.731s] Level 1:colcon.colcon_core.package_identification:_identify(data) by extension 'cmake'
[0.731s] Level 1:colcon.colcon_core.package_identification:_identify(data) by extension 'python'
[0.732s] Level 1:colcon.colcon_core.package_identification:_identify(data) by extensions ['python_setup_py']
[0.732s] Level 1:colcon.colcon_core.package_identification:_identify(data) by extension 'python_setup_py'
[0.734s] Level 1:colcon.colcon_core.package_identification:_identify(data/sensor_logs) by extensions ['ignore', 'ignore_ament_install']
[0.735s] Level 1:colcon.colcon_core.package_identification:_identify(data/sensor_logs) by extension 'ignore'
[0.735s] Level 1:colcon.colcon_core.package_identification:_identify(data/sensor_logs) by extension 'ignore_ament_install'
[0.736s] Level 1:colcon.colcon_core.package_identification:_identify(data/sensor_logs) by extensions ['colcon_pkg']
[0.737s] Level 1:colcon.colcon_core.package_identification:_identify(data/sensor_logs) by extension 'colcon_pkg'
[0.737s] Level 1:colcon.colcon_core.package_identification:_identify(data/sensor_logs) by extensions ['colcon_meta']
[0.738s] Level 1:colcon.colcon_core.package_identification:_identify(data/sensor_logs) by extension 'colcon_meta'
[0.738s] Level 1:colcon.colcon_core.package_identification:_identify(data/sensor_logs) by extensions ['ros']
[0.738s] Level 1:colcon.colcon_core.package_identification:_identify(data/sensor_logs) by extension 'ros'
[0.740s] Level 1:colcon.colcon_core.package_identification:_identify(data/sensor_logs) by extensions ['cmake', 'python']
[0.740s] Level 1:colcon.colcon_core.package_identification:_identify(data/sensor_logs) by extension 'cmake'
[0.741s] Level 1:colcon.colcon_core.package_identification:_identify(data/sensor_logs) by extension 'python'
[0.741s] Level 1:colcon.colcon_core.package_identification:_identify(data/sensor_logs) by extensions ['python_setup_py']
[0.742s] Level 1:colcon.colcon_core.package_identification:_identify(data/sensor_logs) by extension 'python_setup_py'
[0.745s] Level 1:colcon.colcon_core.package_identification:_identify(install) by extensions ['ignore', 'ignore_ament_install']
[0.746s] Level 1:colcon.colcon_core.package_identification:_identify(install) by extension 'ignore'
[0.747s] Level 1:colcon.colcon_core.package_identification:_identify(install) ignored
[0.750s] Level 1:colcon.colcon_core.package_identification:_identify(launch) by extensions ['ignore', 'ignore_ament_install']
[0.751s] Level 1:colcon.colcon_core.package_identification:_identify(launch) by extension 'ignore'
[0.752s] Level 1:colcon.colcon_core.package_identification:_identify(launch) by extension 'ignore_ament_install'
[0.753s] Level 1:colcon.colcon_core.package_identification:_identify(launch) by extensions ['colcon_pkg']
[0.754s] Level 1:colcon.colcon_core.package_identification:_identify(launch) by extension 'colcon_pkg'
[0.754s] Level 1:colcon.colcon_core.package_identification:_identify(launch) by extensions ['colcon_meta']
[0.755s] Level 1:colcon.colcon_core.package_identification:_identify(launch) by extension 'colcon_meta'
[0.755s] Level 1:colcon.colcon_core.package_identification:_identify(launch) by extensions ['ros']
[0.755s] Level 1:colcon.colcon_core.package_identification:_identify(launch) by extension 'ros'
[0.757s] Level 1:colcon.colcon_core.package_identification:_identify(launch) by extensions ['cmake', 'python']
[0.757s] Level 1:colcon.colcon_core.package_identification:_identify(launch) by extension 'cmake'
[0.758s] Level 1:colcon.colcon_core.package_identification:_identify(launch) by extension 'python'
[0.758s] Level 1:colcon.colcon_core.package_identification:_identify(launch) by extensions ['python_setup_py']
[0.758s] Level 1:colcon.colcon_core.package_identification:_identify(launch) by extension 'python_setup_py'
[0.763s] Level 1:colcon.colcon_core.package_identification:_identify(log) by extensions ['ignore', 'ignore_ament_install']
[0.766s] Level 1:colcon.colcon_core.package_identification:_identify(log) by extension 'ignore'
[0.766s] Level 1:colcon.colcon_core.package_identification:_identify(log) ignored
[0.768s] Level 1:colcon.colcon_core.package_identification:_identify(src) by extensions ['ignore', 'ignore_ament_install']
[0.769s] Level 1:colcon.colcon_core.package_identification:_identify(src) by extension 'ignore'
[0.770s] Level 1:colcon.colcon_core.package_identification:_identify(src) by extension 'ignore_ament_install'
[0.771s] Level 1:colcon.colcon_core.package_identification:_identify(src) by extensions ['colcon_pkg']
[0.771s] Level 1:colcon.colcon_core.package_identification:_identify(src) by extension 'colcon_pkg'
[0.772s] Level 1:colcon.colcon_core.package_identification:_identify(src) by extensions ['colcon_meta']
[0.772s] Level 1:colcon.colcon_core.package_identification:_identify(src) by extension 'colcon_meta'
[0.772s] Level 1:colcon.colcon_core.package_identification:_identify(src) by extensions ['ros']
[0.773s] Level 1:colcon.colcon_core.package_identification:_identify(src) by extension 'ros'
[0.774s] Level 1:colcon.colcon_core.package_identification:_identify(src) by extensions ['cmake', 'python']
[0.775s] Level 1:colcon.colcon_core.package_identification:_identify(src) by extension 'cmake'
[0.775s] Level 1:colcon.colcon_core.package_identification:_identify(src) by extension 'python'
[0.776s] Level 1:colcon.colcon_core.package_identification:_identify(src) by extensions ['python_setup_py']
[0.776s] Level 1:colcon.colcon_core.package_identification:_identify(src) by extension 'python_setup_py'
[0.778s] Level 1:colcon.colcon_core.package_identification:_identify(src/my_robot_controller) by extensions ['ignore', 'ignore_ament_install']
[0.779s] Level 1:colcon.colcon_core.package_identification:_identify(src/my_robot_controller) by extension 'ignore'
[0.779s] Level 1:colcon.colcon_core.package_identification:_identify(src/my_robot_controller) by extension 'ignore_ament_install'
[0.780s] Level 1:colcon.colcon_core.package_identification:_identify(src/my_robot_controller) by extensions ['colcon_pkg']
[0.781s] Level 1:colcon.colcon_core.package_identification:_identify(src/my_robot_controller) by extension 'colcon_pkg'
[0.781s] Level 1:colcon.colcon_core.package_identification:_identify(src/my_robot_controller) by extensions ['colcon_meta']
[0.782s] Level 1:colcon.colcon_core.package_identification:_identify(src/my_robot_controller) by extension 'colcon_meta'
[0.782s] Level 1:colcon.colcon_core.package_identification:_identify(src/my_robot_controller) by extensions ['ros']
[0.782s] Level 1:colcon.colcon_core.package_identification:_identify(src/my_robot_controller) by extension 'ros'
[0.792s] DEBUG:colcon.colcon_core.package_identification:Package 'src/my_robot_controller' with type 'ros.ament_python' and name 'my_robot_controller'
[0.794s] Level 1:colcon.colcon_core.package_identification:_identify(src/robot_sensing) by extensions ['ignore', 'ignore_ament_install']
[0.795s] Level 1:colcon.colcon_core.package_identification:_identify(src/robot_sensing) by extension 'ignore'
[0.795s] Level 1:colcon.colcon_core.package_identification:_identify(src/robot_sensing) by extension 'ignore_ament_install'
[0.797s] Level 1:colcon.colcon_core.package_identification:_identify(src/robot_sensing) by extensions ['colcon_pkg']
[0.797s] Level 1:colcon.colcon_core.package_identification:_identify(src/robot_sensing) by extension 'colcon_pkg'
[0.798s] Level 1:colcon.colcon_core.package_identification:_identify(src/robot_sensing) by extensions ['colcon_meta']
[0.798s] Level 1:colcon.colcon_core.package_identification:_identify(src/robot_sensing) by extension 'colcon_meta'
[0.799s] Level 1:colcon.colcon_core.package_identification:_identify(src/robot_sensing) by extensions ['ros']
[0.799s] Level 1:colcon.colcon_core.package_identification:_identify(src/robot_sensing) by extension 'ros'
[0.804s] DEBUG:colcon.colcon_core.package_identification:Package 'src/robot_sensing' with type 'ros.ament_python' and name 'robot_sensing'
[0.806s] Level 1:colcon.colcon_core.package_identification:_identify(urdf) by extensions ['ignore', 'ignore_ament_install']
[0.806s] Level 1:colcon.colcon_core.package_identification:_identify(urdf) by extension 'ignore'
[0.807s] Level 1:colcon.colcon_core.package_identification:_identify(urdf) by extension 'ignore_ament_install'
[0.808s] Level 1:colcon.colcon_core.package_identification:_identify(urdf) by extensions ['colcon_pkg']
[0.808s] Level 1:colcon.colcon_core.package_identification:_identify(urdf) by extension 'colcon_pkg'
[0.808s] Level 1:colcon.colcon_core.package_identification:_identify(urdf) by extensions ['colcon_meta']
[0.809s] Level 1:colcon.colcon_core.package_identification:_identify(urdf) by extension 'colcon_meta'
[0.809s] Level 1:colcon.colcon_core.package_identification:_identify(urdf) by extensions ['ros']
[0.809s] Level 1:colcon.colcon_core.package_identification:_identify(urdf) by extension 'ros'
[0.811s] Level 1:colcon.colcon_core.package_identification:_identify(urdf) by extensions ['cmake', 'python']
[0.811s] Level 1:colcon.colcon_core.package_identification:_identify(urdf) by extension 'cmake'
[0.812s] Level 1:colcon.colcon_core.package_identification:_identify(urdf) by extension 'python'
[0.812s] Level 1:colcon.colcon_core.package_identification:_identify(urdf) by extensions ['python_setup_py']
[0.813s] Level 1:colcon.colcon_core.package_identification:_identify(urdf) by extension 'python_setup_py'
[0.817s] Level 1:colcon.colcon_core.package_identification:_identify(worlds) by extensions ['ignore', 'ignore_ament_install']
[0.817s] Level 1:colcon.colcon_core.package_identification:_identify(worlds) by extension 'ignore'
[0.821s] Level 1:colcon.colcon_core.package_identification:_identify(worlds) by extension 'ignore_ament_install'
[0.822s] Level 1:colcon.colcon_core.package_identification:_identify(worlds) by extensions ['colcon_pkg']
[0.823s] Level 1:colcon.colcon_core.package_identification:_identify(worlds) by extension 'colcon_pkg'
[0.824s] Level 1:colcon.colcon_core.package_identification:_identify(worlds) by extensions ['colcon_meta']
[0.824s] Level 1:colcon.colcon_core.package_identification:_identify(worlds) by extension 'colcon_meta'
[0.824s] Level 1:colcon.colcon_core.package_identification:_identify(worlds) by extensions ['ros']
[0.825s] Level 1:colcon.colcon_core.package_identification:_identify(worlds) by extension 'ros'
[0.826s] Level 1:colcon.colcon_core.package_identification:_identify(worlds) by extensions ['cmake', 'python']
[0.826s] Level 1:colcon.colcon_core.package_identification:_identify(worlds) by extension 'cmake'
[0.827s] Level 1:colcon.colcon_core.package_identification:_identify(worlds) by extension 'python'
[0.828s] Level 1:colcon.colcon_core.package_identification:_identify(worlds) by extensions ['python_setup_py']
[0.828s] Level 1:colcon.colcon_core.package_identification:_identify(worlds) by extension 'python_setup_py'
[0.829s] Level 1:colcon.colcon_core.package_discovery:discover_packages(recursive) using defaults
[0.829s] Level 1:colcon.colcon_core.package_discovery:discover_packages(ignore) discover
[0.830s] Level 1:colcon.colcon_core.package_discovery:discover_packages(ignore) using defaults
[0.830s] Level 1:colcon.colcon_core.package_discovery:discover_packages(path) discover
[0.831s] Level 1:colcon.colcon_core.package_discovery:discover_packages(path) using defaults
[0.886s] Level 5:colcon.colcon_core.verb:set package 'my_robot_controller' build argument 'cmake_args' from command line to 'None'
[0.887s] Level 5:colcon.colcon_core.verb:set package 'my_robot_controller' build argument 'cmake_target' from command line to 'None'
[0.887s] Level 5:colcon.colcon_core.verb:set package 'my_robot_controller' build argument 'cmake_target_skip_unavailable' from command line to 'False'
[0.888s] Level 5:colcon.colcon_core.verb:set package 'my_robot_controller' build argument 'cmake_clean_cache' from command line to 'False'
[0.888s] Level 5:colcon.colcon_core.verb:set package 'my_robot_controller' build argument 'cmake_clean_first' from command line to 'False'
[0.891s] Level 5:colcon.colcon_core.verb:set package 'my_robot_controller' build argument 'cmake_force_configure' from command line to 'False'
[0.892s] Level 5:colcon.colcon_core.verb:set package 'my_robot_controller' build argument 'ament_cmake_args' from command line to 'None'
[0.893s] Level 5:colcon.colcon_core.verb:set package 'my_robot_controller' build argument 'catkin_cmake_args' from command line to 'None'
[0.893s] Level 5:colcon.colcon_core.verb:set package 'my_robot_controller' build argument 'catkin_skip_building_tests' from command line to 'False'
[0.893s] DEBUG:colcon.colcon_core.verb:Building package 'my_robot_controller' with the following arguments: {'ament_cmake_args': None, 'build_base': '/root/ROS_sim/build/my_robot_controller', 'catkin_cmake_args': None, 'catkin_skip_building_tests': False, 'cmake_args': None, 'cmake_clean_cache': False, 'cmake_clean_first': False, 'cmake_force_configure': False, 'cmake_target': None, 'cmake_target_skip_unavailable': False, 'install_base': '/root/ROS_sim/install/my_robot_controller', 'merge_install': False, 'path': '/root/ROS_sim/src/my_robot_controller', 'symlink_install': True, 'test_result_base': None}
[0.895s] Level 5:colcon.colcon_core.verb:set package 'robot_sensing' build argument 'cmake_args' from command line to 'None'
[0.897s] Level 5:colcon.colcon_core.verb:set package 'robot_sensing' build argument 'cmake_target' from command line to 'None'
[0.897s] Level 5:colcon.colcon_core.verb:set package 'robot_sensing' build argument 'cmake_target_skip_unavailable' from command line to 'False'
[0.898s] Level 5:colcon.colcon_core.verb:set package 'robot_sensing' build argument 'cmake_clean_cache' from command line to 'False'
[0.899s] Level 5:colcon.colcon_core.verb:set package 'robot_sensing' build argument 'cmake_clean_first' from command line to 'False'
[0.900s] Level 5:colcon.colcon_core.verb:set package 'robot_sensing' build argument 'cmake_force_configure' from command line to 'False'
[0.900s] Level 5:colcon.colcon_core.verb:set package 'robot_sensing' build argument 'ament_cmake_args' from command line to 'None'
[0.901s] Level 5:colcon.colcon_core.verb:set package 'robot_sensing' build argument 'catkin_cmake_args' from command line to 'None'
[0.902s] Level 5:colcon.colcon_core.verb:set package 'robot_sensing' build argument 'catkin_skip_building_tests' from command line to 'False'
[0.904s] DEBUG:colcon.colcon_core.verb:Building package 'robot_sensing' with the following arguments: {'ament_cmake_args': None, 'build_base': '/root/ROS_sim/build/robot_sensing', 'catkin_cmake_args': None, 'catkin_skip_building_tests': False, 'cmake_args': None, 'cmake_clean_cache': False, 'cmake_clean_first': False, 'cmake_force_configure': False, 'cmake_target': None, 'cmake_target_skip_unavailable': False, 'install_base': '/root/ROS_sim/install/robot_sensing', 'merge_install': False, 'path': '/root/ROS_sim/src/robot_sensing', 'symlink_install': True, 'test_result_base': None}
[0.909s] INFO:colcon.colcon_core.executor:Executing jobs using 'parallel' executor
[0.923s] DEBUG:colcon.colcon_parallel_executor.executor.parallel:run_until_complete
[1.070s] INFO:colcon.colcon_ros.task.ament_python.build:Building ROS package in '/root/ROS_sim/src/my_robot_controller' with build type 'ament_python'
[1.073s] Level 1:colcon.colcon_core.shell:create_environment_hook('my_robot_controller', 'ament_prefix_path')
[1.108s] INFO:colcon.colcon_core.plugin_system:Skipping extension 'colcon_core.shell.bat': Not used on non-Windows systems
[1.114s] INFO:colcon.colcon_core.shell:Creating environment hook '/root/ROS_sim/install/my_robot_controller/share/my_robot_controller/hook/ament_prefix_path.ps1'
[1.128s] INFO:colcon.colcon_core.shell:Creating environment descriptor '/root/ROS_sim/install/my_robot_controller/share/my_robot_controller/hook/ament_prefix_path.dsv'
[1.140s] INFO:colcon.colcon_core.shell:Creating environment hook '/root/ROS_sim/install/my_robot_controller/share/my_robot_controller/hook/ament_prefix_path.sh'
[1.150s] INFO:colcon.colcon_core.shell:Skip shell extension 'powershell' for command environment: Not usable outside of PowerShell
[1.151s] DEBUG:colcon.colcon_core.shell:Skip shell extension 'dsv' for command environment
[1.478s] INFO:colcon.colcon_ros.task.ament_python.build:Building ROS package in '/root/ROS_sim/src/robot_sensing' with build type 'ament_python'
[1.479s] Level 1:colcon.colcon_core.shell:create_environment_hook('robot_sensing', 'ament_prefix_path')
[1.480s] INFO:colcon.colcon_core.shell:Creating environment hook '/root/ROS_sim/install/robot_sensing/share/robot_sensing/hook/ament_prefix_path.ps1'
[1.492s] INFO:colcon.colcon_core.shell:Creating environment descriptor '/root/ROS_sim/install/robot_sensing/share/robot_sensing/hook/ament_prefix_path.dsv'
[1.496s] INFO:colcon.colcon_core.shell:Creating environment hook '/root/ROS_sim/install/robot_sensing/share/robot_sensing/hook/ament_prefix_path.sh'
[1.501s] INFO:colcon.colcon_core.shell:Skip shell extension 'powershell' for command environment: Not usable outside of PowerShell
[1.502s] DEBUG:colcon.colcon_core.shell:Skip shell extension 'dsv' for command environment
[2.472s] INFO:colcon.colcon_core.task.python.build:Building Python package in '/root/ROS_sim/src/my_robot_controller'
[2.472s] INFO:colcon.colcon_core.shell:Skip shell extension 'powershell' for command environment: Not usable outside of PowerShell
[2.473s] DEBUG:colcon.colcon_core.shell:Skip shell extension 'dsv' for command environment
[3.435s] INFO:colcon.colcon_core.task.python.build:Building Python package in '/root/ROS_sim/src/robot_sensing'
[3.436s] INFO:colcon.colcon_core.shell:Skip shell extension 'powershell' for command environment: Not usable outside of PowerShell
[3.436s] DEBUG:colcon.colcon_core.shell:Skip shell extension 'dsv' for command environment
[4.752s] DEBUG:colcon.colcon_core.event_handler.log_command:Invoking command in '/root/ROS_sim/build/my_robot_controller': PYTHONPATH=/root/ROS_sim/build/my_robot_controller/prefix_override:/usr/lib/python3/dist-packages/colcon_core/task/python/colcon_distutils_commands:/root/ROS_sim/install/my_robot_controller/lib/python3.10/site-packages:${PYTHONPATH} /usr/bin/python3 -W ignore:setup.py install is deprecated -W ignore:easy_install command is deprecated setup.py develop --editable --build-directory /root/ROS_sim/build/my_robot_controller/build --no-deps symlink_data
[4.809s] DEBUG:colcon.colcon_core.event_handler.log_command:Invoking command in '/root/ROS_sim/build/robot_sensing': PYTHONPATH=/root/ROS_sim/build/robot_sensing/prefix_override:/usr/lib/python3/dist-packages/colcon_core/task/python/colcon_distutils_commands:/root/ROS_sim/install/robot_sensing/lib/python3.10/site-packages:${PYTHONPATH} /usr/bin/python3 -W ignore:setup.py install is deprecated -W ignore:easy_install command is deprecated setup.py develop --editable --build-directory /root/ROS_sim/build/robot_sensing/build --no-deps symlink_data
[6.699s] Level 1:colcon.colcon_core.shell:create_environment_hook('robot_sensing', 'pythonpath_develop')
[6.701s] INFO:colcon.colcon_core.shell:Creating environment hook '/root/ROS_sim/build/robot_sensing/share/robot_sensing/hook/pythonpath_develop.ps1'
[6.702s] DEBUG:colcon.colcon_core.event_handler.log_command:Invoked command in '/root/ROS_sim/build/robot_sensing' returned '0': PYTHONPATH=/root/ROS_sim/build/robot_sensing/prefix_override:/usr/lib/python3/dist-packages/colcon_core/task/python/colcon_distutils_commands:/root/ROS_sim/install/robot_sensing/lib/python3.10/site-packages:${PYTHONPATH} /usr/bin/python3 -W ignore:setup.py install is deprecated -W ignore:easy_install command is deprecated setup.py develop --editable --build-directory /root/ROS_sim/build/robot_sensing/build --no-deps symlink_data
[6.708s] INFO:colcon.colcon_core.shell:Creating environment descriptor '/root/ROS_sim/build/robot_sensing/share/robot_sensing/hook/pythonpath_develop.dsv'
[6.712s] INFO:colcon.colcon_core.shell:Creating environment hook '/root/ROS_sim/build/robot_sensing/share/robot_sensing/hook/pythonpath_develop.sh'
[6.723s] Level 1:colcon.colcon_core.environment:checking '/root/ROS_sim/install/robot_sensing' for CMake module files
[6.757s] Level 1:colcon.colcon_core.environment:checking '/root/ROS_sim/install/robot_sensing' for CMake config files
[6.796s] Level 1:colcon.colcon_core.environment:checking '/root/ROS_sim/install/robot_sensing/lib'
[6.801s] Level 1:colcon.colcon_core.environment:checking '/root/ROS_sim/install/robot_sensing/bin'
[6.807s] Level 1:colcon.colcon_core.environment:checking '/root/ROS_sim/install/robot_sensing/lib/pkgconfig/robot_sensing.pc'
[6.811s] Level 1:colcon.colcon_core.environment:checking '/root/ROS_sim/install/robot_sensing/lib/python3.10/site-packages'
[6.814s] Level 1:colcon.colcon_core.shell:create_environment_hook('robot_sensing', 'pythonpath')
[6.815s] INFO:colcon.colcon_core.shell:Creating environment hook '/root/ROS_sim/install/robot_sensing/share/robot_sensing/hook/pythonpath.ps1'
[6.823s] INFO:colcon.colcon_core.shell:Creating environment descriptor '/root/ROS_sim/install/robot_sensing/share/robot_sensing/hook/pythonpath.dsv'
[6.832s] INFO:colcon.colcon_core.shell:Creating environment hook '/root/ROS_sim/install/robot_sensing/share/robot_sensing/hook/pythonpath.sh'
[6.861s] Level 1:colcon.colcon_core.environment:checking '/root/ROS_sim/install/robot_sensing/bin'
[6.863s] Level 1:colcon.colcon_core.environment:create_environment_scripts_only(robot_sensing)
[6.869s] INFO:colcon.colcon_core.shell:Creating package script '/root/ROS_sim/install/robot_sensing/share/robot_sensing/package.ps1'
[6.874s] INFO:colcon.colcon_core.shell:Creating package descriptor '/root/ROS_sim/install/robot_sensing/share/robot_sensing/package.dsv'
[6.883s] INFO:colcon.colcon_core.shell:Creating package script '/root/ROS_sim/install/robot_sensing/share/robot_sensing/package.sh'
[6.888s] INFO:colcon.colcon_core.shell:Creating package script '/root/ROS_sim/install/robot_sensing/share/robot_sensing/package.bash'
[6.893s] INFO:colcon.colcon_core.shell:Creating package script '/root/ROS_sim/install/robot_sensing/share/robot_sensing/package.zsh'
[6.901s] Level 1:colcon.colcon_core.environment:create_file_with_runtime_dependencies(/root/ROS_sim/install/robot_sensing/share/colcon-core/packages/robot_sensing)
[6.910s] Level 1:colcon.colcon_core.shell:create_environment_hook('my_robot_controller', 'pythonpath_develop')
[6.911s] INFO:colcon.colcon_core.shell:Creating environment hook '/root/ROS_sim/build/my_robot_controller/share/my_robot_controller/hook/pythonpath_develop.ps1'
[6.915s] INFO:colcon.colcon_core.shell:Creating environment descriptor '/root/ROS_sim/build/my_robot_controller/share/my_robot_controller/hook/pythonpath_develop.dsv'
[6.919s] INFO:colcon.colcon_core.shell:Creating environment hook '/root/ROS_sim/build/my_robot_controller/share/my_robot_controller/hook/pythonpath_develop.sh'
[6.921s] DEBUG:colcon.colcon_core.event_handler.log_command:Invoked command in '/root/ROS_sim/build/my_robot_controller' returned '0': PYTHONPATH=/root/ROS_sim/build/my_robot_controller/prefix_override:/usr/lib/python3/dist-packages/colcon_core/task/python/colcon_distutils_commands:/root/ROS_sim/install/my_robot_controller/lib/python3.10/site-packages:${PYTHONPATH} /usr/bin/python3 -W ignore:setup.py install is deprecated -W ignore:easy_install command is deprecated setup.py develop --editable --build-directory /root/ROS_sim/build/my_robot_controller/build --no-deps symlink_data
[6.923s] Level 1:colcon.colcon_core.environment:checking '/root/ROS_sim/install/my_robot_controller' for CMake module files
[6.951s] Level 1:colcon.colcon_core.environment:checking '/root/ROS_sim/install/my_robot_controller' for CMake config files
[6.981s] Level 1:colcon.colcon_core.environment:checking '/root/ROS_sim/install/my_robot_controller/lib'
[6.983s] Level 1:colcon.colcon_core.environment:checking '/root/ROS_sim/install/my_robot_controller/bin'
[6.984s] Level 1:colcon.colcon_core.environment:checking '/root/ROS_sim/install/my_robot_controller/lib/pkgconfig/my_robot_controller.pc'
[6.985s] Level 1:colcon.colcon_core.environment:checking '/root/ROS_sim/install/my_robot_controller/lib/python3.10/site-packages'
[6.986s] Level 1:colcon.colcon_core.shell:create_environment_hook('my_robot_controller', 'pythonpath')
[6.986s] INFO:colcon.colcon_core.shell:Creating environment hook '/root/ROS_sim/install/my_robot_controller/share/my_robot_controller/hook/pythonpath.ps1'
[6.990s] INFO:colcon.colcon_core.shell:Creating environment descriptor '/root/ROS_sim/install/my_robot_controller/share/my_robot_controller/hook/pythonpath.dsv'
[6.995s] INFO:colcon.colcon_core.shell:Creating environment hook '/root/ROS_sim/install/my_robot_controller/share/my_robot_controller/hook/pythonpath.sh'
[7.004s] Level 1:colcon.colcon_core.environment:checking '/root/ROS_sim/install/my_robot_controller/bin'
[7.006s] Level 1:colcon.colcon_core.environment:create_environment_scripts_only(my_robot_controller)
[7.007s] INFO:colcon.colcon_core.shell:Creating package script '/root/ROS_sim/install/my_robot_controller/share/my_robot_controller/package.ps1'
[7.012s] INFO:colcon.colcon_core.shell:Creating package descriptor '/root/ROS_sim/install/my_robot_controller/share/my_robot_controller/package.dsv'
[7.017s] INFO:colcon.colcon_core.shell:Creating package script '/root/ROS_sim/install/my_robot_controller/share/my_robot_controller/package.sh'
[7.022s] INFO:colcon.colcon_core.shell:Creating package script '/root/ROS_sim/install/my_robot_controller/share/my_robot_controller/package.bash'
[7.026s] INFO:colcon.colcon_core.shell:Creating package script '/root/ROS_sim/install/my_robot_controller/share/my_robot_controller/package.zsh'
[7.030s] Level 1:colcon.colcon_core.environment:create_file_with_runtime_dependencies(/root/ROS_sim/install/my_robot_controller/share/colcon-core/packages/my_robot_controller)
[7.034s] DEBUG:colcon.colcon_parallel_executor.executor.parallel:closing loop
[7.035s] DEBUG:colcon.colcon_parallel_executor.executor.parallel:loop closed
[7.041s] DEBUG:colcon.colcon_parallel_executor.executor.parallel:run_until_complete finished with '0'
[7.042s] DEBUG:colcon.colcon_core.event_reactor:joining thread
[7.186s] INFO:colcon.colcon_core.plugin_system:Skipping extension 'colcon_notification.desktop_notification.notify_send': Could not find 'notify-send'
[7.189s] INFO:colcon.colcon_core.plugin_system:Skipping extension 'colcon_notification.desktop_notification.terminal_notifier': Not used on non-Darwin systems
[7.189s] INFO:colcon.colcon_core.plugin_system:Skipping extension 'colcon_notification.desktop_notification.win32': Not used on non-Windows systems
[7.190s] INFO:colcon.colcon_notification.desktop_notification:Sending desktop notification using 'notify2'
[7.193s] DEBUG:colcon.colcon_notification.desktop_notification.notify2:Failed to initialize notify2: org.freedesktop.DBus.Error.NotSupported: Unable to autolaunch a dbus-daemon without a $DISPLAY for X11
[7.195s] DEBUG:colcon.colcon_core.event_reactor:joined thread
[7.196s] INFO:colcon.colcon_core.shell:Creating prefix script '/root/ROS_sim/install/local_setup.ps1'
[7.206s] INFO:colcon.colcon_core.shell:Creating prefix util module '/root/ROS_sim/install/_local_setup_util_ps1.py'
[7.213s] INFO:colcon.colcon_core.shell:Creating prefix chain script '/root/ROS_sim/install/setup.ps1'
[7.221s] INFO:colcon.colcon_core.shell:Creating prefix script '/root/ROS_sim/install/local_setup.sh'
[7.226s] INFO:colcon.colcon_core.shell:Creating prefix util module '/root/ROS_sim/install/_local_setup_util_sh.py'
[7.231s] INFO:colcon.colcon_core.shell:Creating prefix chain script '/root/ROS_sim/install/setup.sh'
[7.240s] INFO:colcon.colcon_core.shell:Creating prefix script '/root/ROS_sim/install/local_setup.bash'
[7.244s] INFO:colcon.colcon_core.shell:Creating prefix chain script '/root/ROS_sim/install/setup.bash'
[7.254s] INFO:colcon.colcon_core.shell:Creating prefix script '/root/ROS_sim/install/local_setup.zsh'
[7.258s] INFO:colcon.colcon_core.shell:Creating prefix chain script '/root/ROS_sim/install/setup.zsh'
