[1.379s] Invoking command in '/root/ROS_sim/src/my_robot_controller': PYTHONPATH=/root/ROS_sim/build/my_robot_controller/prefix_override:/usr/lib/python3/dist-packages/colcon_core/task/python/colcon_distutils_commands:/root/ROS_sim/install/my_robot_controller/lib/python3.10/site-packages:${PYTHONPATH} /usr/bin/python3 -W ignore:setup.py install is deprecated -W ignore:easy_install command is deprecated setup.py egg_info --egg-base ../../build/my_robot_controller build --build-base /root/ROS_sim/build/my_robot_controller/build install --record /root/ROS_sim/build/my_robot_controller/install.log --single-version-externally-managed install_data
[1.823s] running egg_info
[1.826s] writing ../../build/my_robot_controller/my_robot_controller.egg-info/PKG-INFO
[1.828s] writing dependency_links to ../../build/my_robot_controller/my_robot_controller.egg-info/dependency_links.txt
[1.830s] writing entry points to ../../build/my_robot_controller/my_robot_controller.egg-info/entry_points.txt
[1.832s] writing requirements to ../../build/my_robot_controller/my_robot_controller.egg-info/requires.txt
[1.835s] writing top-level names to ../../build/my_robot_controller/my_robot_controller.egg-info/top_level.txt
[1.850s] reading manifest file '../../build/my_robot_controller/my_robot_controller.egg-info/SOURCES.txt'
[1.855s] writing manifest file '../../build/my_robot_controller/my_robot_controller.egg-info/SOURCES.txt'
[1.857s] running build
[1.859s] running build_py
[1.860s] copying my_robot_controller/my_first_node.py -> /root/ROS_sim/build/my_robot_controller/build/lib/my_robot_controller
[1.869s] running install
[1.871s] running install_lib
[1.873s] copying /root/ROS_sim/build/my_robot_controller/build/lib/my_robot_controller/my_first_node.py -> /root/ROS_sim/install/my_robot_controller/lib/python3.10/site-packages/my_robot_controller
[1.880s] byte-compiling /root/ROS_sim/install/my_robot_controller/lib/python3.10/site-packages/my_robot_controller/my_first_node.py to my_first_node.cpython-310.pyc
[1.886s] running install_data
[1.890s] running install_egg_info
[1.892s] removing '/root/ROS_sim/install/my_robot_controller/lib/python3.10/site-packages/my_robot_controller-0.0.0-py3.10.egg-info' (and everything under it)
[1.901s] Copying ../../build/my_robot_controller/my_robot_controller.egg-info to /root/ROS_sim/install/my_robot_controller/lib/python3.10/site-packages/my_robot_controller-0.0.0-py3.10.egg-info
[1.960s] running install_scripts
[2.030s] Installing test_node script to /root/ROS_sim/install/my_robot_controller/lib/my_robot_controller
[2.042s] writing list of installed files to '/root/ROS_sim/build/my_robot_controller/install.log'
[2.101s] Invoked command in '/root/ROS_sim/src/my_robot_controller' returned '0': PYTHONPATH=/root/ROS_sim/build/my_robot_controller/prefix_override:/usr/lib/python3/dist-packages/colcon_core/task/python/colcon_distutils_commands:/root/ROS_sim/install/my_robot_controller/lib/python3.10/site-packages:${PYTHONPATH} /usr/bin/python3 -W ignore:setup.py install is deprecated -W ignore:easy_install command is deprecated setup.py egg_info --egg-base ../../build/my_robot_controller build --build-base /root/ROS_sim/build/my_robot_controller/build install --record /root/ROS_sim/build/my_robot_controller/install.log --single-version-externally-managed install_data
