[0.207s] DEBUG:colcon:Command line arguments: ['/usr/bin/colcon', 'build', '--symlink-install']
[0.208s] DEBUG:colcon:Parsed command line arguments: Namespace(log_base=None, log_level=None, verb_name='build', build_base='build', install_base='install', merge_install=False, symlink_install=True, test_result_base=None, continue_on_error=False, executor='parallel', parallel_workers=4, event_handlers=None, ignore_user_meta=False, metas=['./colcon.meta'], base_paths=['.'], packages_ignore=None, packages_ignore_regex=None, paths=None, packages_up_to=None, packages_up_to_regex=None, packages_above=None, packages_above_and_dependencies=None, packages_above_depth=None, packages_select_by_dep=None, packages_skip_by_dep=None, packages_skip_up_to=None, packages_select_build_failed=False, packages_skip_build_finished=False, packages_select_test_failures=False, packages_skip_test_passed=False, packages_select=None, packages_skip=None, packages_select_regex=None, packages_skip_regex=None, packages_start=None, packages_end=None, cmake_args=None, cmake_target=None, cmake_target_skip_unavailable=False, cmake_clean_cache=False, cmake_clean_first=False, cmake_force_configure=False, ament_cmake_args=None, catkin_cmake_args=None, catkin_skip_building_tests=False, mixin_files=None, mixin=None, verb_parser=<colcon_mixin.mixin.mixin_argument.MixinArgumentDecorator object at 0x7fad07b23d60>, verb_extension=<colcon_core.verb.build.BuildVerb object at 0x7fad07b23760>, main=<bound method BuildVerb.main of <colcon_core.verb.build.BuildVerb object at 0x7fad07b23760>>, mixin_verb=('build',))
[0.469s] Level 1:colcon.colcon_core.package_discovery:discover_packages(colcon_meta) check parameters
[0.471s] INFO:colcon.colcon_metadata.package_discovery.colcon_meta:Using configuration from '/root/.colcon/metadata/default/Gazebo.meta'
[0.473s] INFO:colcon.colcon_metadata.package_discovery.colcon_meta:Using configuration from '/root/.colcon/metadata/default/fastdds.meta'
[0.476s] INFO:colcon.colcon_metadata.package_discovery.colcon_meta:Using configuration from '/root/.colcon/metadata/default/fastrtps.meta'
[0.477s] Level 1:colcon.colcon_core.package_discovery:discover_packages(recursive) check parameters
[0.477s] Level 1:colcon.colcon_core.package_discovery:discover_packages(ignore) check parameters
[0.478s] Level 1:colcon.colcon_core.package_discovery:discover_packages(path) check parameters
[0.479s] Level 1:colcon.colcon_core.package_discovery:discover_packages(colcon_meta) discover
[0.479s] Level 1:colcon.colcon_core.package_discovery:discover_packages(recursive) discover
[0.479s] INFO:colcon.colcon_core.package_discovery:Crawling recursively for packages in '/root/ROS_sim'
[0.482s] Level 1:colcon.colcon_core.package_identification:_identify(.) by extensions ['ignore', 'ignore_ament_install']
[0.482s] Level 1:colcon.colcon_core.package_identification:_identify(.) by extension 'ignore'
[0.483s] Level 1:colcon.colcon_core.package_identification:_identify(.) by extension 'ignore_ament_install'
[0.484s] Level 1:colcon.colcon_core.package_identification:_identify(.) by extensions ['colcon_pkg']
[0.484s] Level 1:colcon.colcon_core.package_identification:_identify(.) by extension 'colcon_pkg'
[0.485s] Level 1:colcon.colcon_core.package_identification:_identify(.) by extensions ['colcon_meta']
[0.485s] Level 1:colcon.colcon_core.package_identification:_identify(.) by extension 'colcon_meta'
[0.485s] Level 1:colcon.colcon_core.package_identification:_identify(.) by extensions ['ros']
[0.486s] Level 1:colcon.colcon_core.package_identification:_identify(.) by extension 'ros'
[0.507s] Level 1:colcon.colcon_core.package_identification:_identify(.) by extensions ['cmake', 'python']
[0.508s] Level 1:colcon.colcon_core.package_identification:_identify(.) by extension 'cmake'
[0.508s] Level 1:colcon.colcon_core.package_identification:_identify(.) by extension 'python'
[0.509s] Level 1:colcon.colcon_core.package_identification:_identify(.) by extensions ['python_setup_py']
[0.509s] Level 1:colcon.colcon_core.package_identification:_identify(.) by extension 'python_setup_py'
[0.512s] Level 1:colcon.colcon_core.package_identification:_identify(build) by extensions ['ignore', 'ignore_ament_install']
[0.512s] Level 1:colcon.colcon_core.package_identification:_identify(build) by extension 'ignore'
[0.513s] Level 1:colcon.colcon_core.package_identification:_identify(build) ignored
[0.515s] Level 1:colcon.colcon_core.package_identification:_identify(data) by extensions ['ignore', 'ignore_ament_install']
[0.516s] Level 1:colcon.colcon_core.package_identification:_identify(data) by extension 'ignore'
[0.517s] Level 1:colcon.colcon_core.package_identification:_identify(data) by extension 'ignore_ament_install'
[0.518s] Level 1:colcon.colcon_core.package_identification:_identify(data) by extensions ['colcon_pkg']
[0.518s] Level 1:colcon.colcon_core.package_identification:_identify(data) by extension 'colcon_pkg'
[0.519s] Level 1:colcon.colcon_core.package_identification:_identify(data) by extensions ['colcon_meta']
[0.519s] Level 1:colcon.colcon_core.package_identification:_identify(data) by extension 'colcon_meta'
[0.520s] Level 1:colcon.colcon_core.package_identification:_identify(data) by extensions ['ros']
[0.520s] Level 1:colcon.colcon_core.package_identification:_identify(data) by extension 'ros'
[0.522s] Level 1:colcon.colcon_core.package_identification:_identify(data) by extensions ['cmake', 'python']
[0.522s] Level 1:colcon.colcon_core.package_identification:_identify(data) by extension 'cmake'
[0.523s] Level 1:colcon.colcon_core.package_identification:_identify(data) by extension 'python'
[0.524s] Level 1:colcon.colcon_core.package_identification:_identify(data) by extensions ['python_setup_py']
[0.524s] Level 1:colcon.colcon_core.package_identification:_identify(data) by extension 'python_setup_py'
[0.526s] Level 1:colcon.colcon_core.package_identification:_identify(data/sensor_logs) by extensions ['ignore', 'ignore_ament_install']
[0.527s] Level 1:colcon.colcon_core.package_identification:_identify(data/sensor_logs) by extension 'ignore'
[0.527s] Level 1:colcon.colcon_core.package_identification:_identify(data/sensor_logs) by extension 'ignore_ament_install'
[0.528s] Level 1:colcon.colcon_core.package_identification:_identify(data/sensor_logs) by extensions ['colcon_pkg']
[0.529s] Level 1:colcon.colcon_core.package_identification:_identify(data/sensor_logs) by extension 'colcon_pkg'
[0.529s] Level 1:colcon.colcon_core.package_identification:_identify(data/sensor_logs) by extensions ['colcon_meta']
[0.529s] Level 1:colcon.colcon_core.package_identification:_identify(data/sensor_logs) by extension 'colcon_meta'
[0.530s] Level 1:colcon.colcon_core.package_identification:_identify(data/sensor_logs) by extensions ['ros']
[0.530s] Level 1:colcon.colcon_core.package_identification:_identify(data/sensor_logs) by extension 'ros'
[0.532s] Level 1:colcon.colcon_core.package_identification:_identify(data/sensor_logs) by extensions ['cmake', 'python']
[0.532s] Level 1:colcon.colcon_core.package_identification:_identify(data/sensor_logs) by extension 'cmake'
[0.533s] Level 1:colcon.colcon_core.package_identification:_identify(data/sensor_logs) by extension 'python'
[0.533s] Level 1:colcon.colcon_core.package_identification:_identify(data/sensor_logs) by extensions ['python_setup_py']
[0.534s] Level 1:colcon.colcon_core.package_identification:_identify(data/sensor_logs) by extension 'python_setup_py'
[0.536s] Level 1:colcon.colcon_core.package_identification:_identify(install) by extensions ['ignore', 'ignore_ament_install']
[0.536s] Level 1:colcon.colcon_core.package_identification:_identify(install) by extension 'ignore'
[0.537s] Level 1:colcon.colcon_core.package_identification:_identify(install) ignored
[0.540s] Level 1:colcon.colcon_core.package_identification:_identify(launch) by extensions ['ignore', 'ignore_ament_install']
[0.541s] Level 1:colcon.colcon_core.package_identification:_identify(launch) by extension 'ignore'
[0.542s] Level 1:colcon.colcon_core.package_identification:_identify(launch) by extension 'ignore_ament_install'
[0.543s] Level 1:colcon.colcon_core.package_identification:_identify(launch) by extensions ['colcon_pkg']
[0.543s] Level 1:colcon.colcon_core.package_identification:_identify(launch) by extension 'colcon_pkg'
[0.544s] Level 1:colcon.colcon_core.package_identification:_identify(launch) by extensions ['colcon_meta']
[0.545s] Level 1:colcon.colcon_core.package_identification:_identify(launch) by extension 'colcon_meta'
[0.545s] Level 1:colcon.colcon_core.package_identification:_identify(launch) by extensions ['ros']
[0.545s] Level 1:colcon.colcon_core.package_identification:_identify(launch) by extension 'ros'
[0.547s] Level 1:colcon.colcon_core.package_identification:_identify(launch) by extensions ['cmake', 'python']
[0.548s] Level 1:colcon.colcon_core.package_identification:_identify(launch) by extension 'cmake'
[0.548s] Level 1:colcon.colcon_core.package_identification:_identify(launch) by extension 'python'
[0.549s] Level 1:colcon.colcon_core.package_identification:_identify(launch) by extensions ['python_setup_py']
[0.549s] Level 1:colcon.colcon_core.package_identification:_identify(launch) by extension 'python_setup_py'
[0.552s] Level 1:colcon.colcon_core.package_identification:_identify(log) by extensions ['ignore', 'ignore_ament_install']
[0.552s] Level 1:colcon.colcon_core.package_identification:_identify(log) by extension 'ignore'
[0.553s] Level 1:colcon.colcon_core.package_identification:_identify(log) ignored
[0.555s] Level 1:colcon.colcon_core.package_identification:_identify(src) by extensions ['ignore', 'ignore_ament_install']
[0.555s] Level 1:colcon.colcon_core.package_identification:_identify(src) by extension 'ignore'
[0.556s] Level 1:colcon.colcon_core.package_identification:_identify(src) by extension 'ignore_ament_install'
[0.557s] Level 1:colcon.colcon_core.package_identification:_identify(src) by extensions ['colcon_pkg']
[0.558s] Level 1:colcon.colcon_core.package_identification:_identify(src) by extension 'colcon_pkg'
[0.559s] Level 1:colcon.colcon_core.package_identification:_identify(src) by extensions ['colcon_meta']
[0.559s] Level 1:colcon.colcon_core.package_identification:_identify(src) by extension 'colcon_meta'
[0.559s] Level 1:colcon.colcon_core.package_identification:_identify(src) by extensions ['ros']
[0.560s] Level 1:colcon.colcon_core.package_identification:_identify(src) by extension 'ros'
[0.561s] Level 1:colcon.colcon_core.package_identification:_identify(src) by extensions ['cmake', 'python']
[0.562s] Level 1:colcon.colcon_core.package_identification:_identify(src) by extension 'cmake'
[0.562s] Level 1:colcon.colcon_core.package_identification:_identify(src) by extension 'python'
[0.563s] Level 1:colcon.colcon_core.package_identification:_identify(src) by extensions ['python_setup_py']
[0.563s] Level 1:colcon.colcon_core.package_identification:_identify(src) by extension 'python_setup_py'
[0.565s] Level 1:colcon.colcon_core.package_identification:_identify(src/my_robot_controller) by extensions ['ignore', 'ignore_ament_install']
[0.565s] Level 1:colcon.colcon_core.package_identification:_identify(src/my_robot_controller) by extension 'ignore'
[0.566s] Level 1:colcon.colcon_core.package_identification:_identify(src/my_robot_controller) by extension 'ignore_ament_install'
[0.567s] Level 1:colcon.colcon_core.package_identification:_identify(src/my_robot_controller) by extensions ['colcon_pkg']
[0.568s] Level 1:colcon.colcon_core.package_identification:_identify(src/my_robot_controller) by extension 'colcon_pkg'
[0.568s] Level 1:colcon.colcon_core.package_identification:_identify(src/my_robot_controller) by extensions ['colcon_meta']
[0.569s] Level 1:colcon.colcon_core.package_identification:_identify(src/my_robot_controller) by extension 'colcon_meta'
[0.569s] Level 1:colcon.colcon_core.package_identification:_identify(src/my_robot_controller) by extensions ['ros']
[0.570s] Level 1:colcon.colcon_core.package_identification:_identify(src/my_robot_controller) by extension 'ros'
[0.576s] DEBUG:colcon.colcon_core.package_identification:Package 'src/my_robot_controller' with type 'ros.ament_python' and name 'my_robot_controller'
[0.578s] Level 1:colcon.colcon_core.package_identification:_identify(src/robot_sensing) by extensions ['ignore', 'ignore_ament_install']
[0.579s] Level 1:colcon.colcon_core.package_identification:_identify(src/robot_sensing) by extension 'ignore'
[0.579s] Level 1:colcon.colcon_core.package_identification:_identify(src/robot_sensing) by extension 'ignore_ament_install'
[0.581s] Level 1:colcon.colcon_core.package_identification:_identify(src/robot_sensing) by extensions ['colcon_pkg']
[0.581s] Level 1:colcon.colcon_core.package_identification:_identify(src/robot_sensing) by extension 'colcon_pkg'
[0.582s] Level 1:colcon.colcon_core.package_identification:_identify(src/robot_sensing) by extensions ['colcon_meta']
[0.583s] Level 1:colcon.colcon_core.package_identification:_identify(src/robot_sensing) by extension 'colcon_meta'
[0.583s] Level 1:colcon.colcon_core.package_identification:_identify(src/robot_sensing) by extensions ['ros']
[0.585s] Level 1:colcon.colcon_core.package_identification:_identify(src/robot_sensing) by extension 'ros'
[0.588s] DEBUG:colcon.colcon_core.package_identification:Package 'src/robot_sensing' with type 'ros.ament_python' and name 'robot_sensing'
[0.590s] Level 1:colcon.colcon_core.package_identification:_identify(urdf) by extensions ['ignore', 'ignore_ament_install']
[0.593s] Level 1:colcon.colcon_core.package_identification:_identify(urdf) by extension 'ignore'
[0.593s] Level 1:colcon.colcon_core.package_identification:_identify(urdf) by extension 'ignore_ament_install'
[0.594s] Level 1:colcon.colcon_core.package_identification:_identify(urdf) by extensions ['colcon_pkg']
[0.596s] Level 1:colcon.colcon_core.package_identification:_identify(urdf) by extension 'colcon_pkg'
[0.597s] Level 1:colcon.colcon_core.package_identification:_identify(urdf) by extensions ['colcon_meta']
[0.597s] Level 1:colcon.colcon_core.package_identification:_identify(urdf) by extension 'colcon_meta'
[0.598s] Level 1:colcon.colcon_core.package_identification:_identify(urdf) by extensions ['ros']
[0.599s] Level 1:colcon.colcon_core.package_identification:_identify(urdf) by extension 'ros'
[0.601s] Level 1:colcon.colcon_core.package_identification:_identify(urdf) by extensions ['cmake', 'python']
[0.601s] Level 1:colcon.colcon_core.package_identification:_identify(urdf) by extension 'cmake'
[0.602s] Level 1:colcon.colcon_core.package_identification:_identify(urdf) by extension 'python'
[0.602s] Level 1:colcon.colcon_core.package_identification:_identify(urdf) by extensions ['python_setup_py']
[0.603s] Level 1:colcon.colcon_core.package_identification:_identify(urdf) by extension 'python_setup_py'
[0.605s] Level 1:colcon.colcon_core.package_identification:_identify(worlds) by extensions ['ignore', 'ignore_ament_install']
[0.605s] Level 1:colcon.colcon_core.package_identification:_identify(worlds) by extension 'ignore'
[0.606s] Level 1:colcon.colcon_core.package_identification:_identify(worlds) by extension 'ignore_ament_install'
[0.606s] Level 1:colcon.colcon_core.package_identification:_identify(worlds) by extensions ['colcon_pkg']
[0.607s] Level 1:colcon.colcon_core.package_identification:_identify(worlds) by extension 'colcon_pkg'
[0.608s] Level 1:colcon.colcon_core.package_identification:_identify(worlds) by extensions ['colcon_meta']
[0.608s] Level 1:colcon.colcon_core.package_identification:_identify(worlds) by extension 'colcon_meta'
[0.608s] Level 1:colcon.colcon_core.package_identification:_identify(worlds) by extensions ['ros']
[0.609s] Level 1:colcon.colcon_core.package_identification:_identify(worlds) by extension 'ros'
[0.610s] Level 1:colcon.colcon_core.package_identification:_identify(worlds) by extensions ['cmake', 'python']
[0.611s] Level 1:colcon.colcon_core.package_identification:_identify(worlds) by extension 'cmake'
[0.611s] Level 1:colcon.colcon_core.package_identification:_identify(worlds) by extension 'python'
[0.612s] Level 1:colcon.colcon_core.package_identification:_identify(worlds) by extensions ['python_setup_py']
[0.613s] Level 1:colcon.colcon_core.package_identification:_identify(worlds) by extension 'python_setup_py'
[0.614s] Level 1:colcon.colcon_core.package_discovery:discover_packages(recursive) using defaults
[0.614s] Level 1:colcon.colcon_core.package_discovery:discover_packages(ignore) discover
[0.614s] Level 1:colcon.colcon_core.package_discovery:discover_packages(ignore) using defaults
[0.615s] Level 1:colcon.colcon_core.package_discovery:discover_packages(path) discover
[0.615s] Level 1:colcon.colcon_core.package_discovery:discover_packages(path) using defaults
[0.650s] Level 5:colcon.colcon_core.verb:set package 'my_robot_controller' build argument 'cmake_args' from command line to 'None'
[0.650s] Level 5:colcon.colcon_core.verb:set package 'my_robot_controller' build argument 'cmake_target' from command line to 'None'
[0.650s] Level 5:colcon.colcon_core.verb:set package 'my_robot_controller' build argument 'cmake_target_skip_unavailable' from command line to 'False'
[0.651s] Level 5:colcon.colcon_core.verb:set package 'my_robot_controller' build argument 'cmake_clean_cache' from command line to 'False'
[0.651s] Level 5:colcon.colcon_core.verb:set package 'my_robot_controller' build argument 'cmake_clean_first' from command line to 'False'
[0.651s] Level 5:colcon.colcon_core.verb:set package 'my_robot_controller' build argument 'cmake_force_configure' from command line to 'False'
[0.652s] Level 5:colcon.colcon_core.verb:set package 'my_robot_controller' build argument 'ament_cmake_args' from command line to 'None'
[0.652s] Level 5:colcon.colcon_core.verb:set package 'my_robot_controller' build argument 'catkin_cmake_args' from command line to 'None'
[0.653s] Level 5:colcon.colcon_core.verb:set package 'my_robot_controller' build argument 'catkin_skip_building_tests' from command line to 'False'
[0.653s] DEBUG:colcon.colcon_core.verb:Building package 'my_robot_controller' with the following arguments: {'ament_cmake_args': None, 'build_base': '/root/ROS_sim/build/my_robot_controller', 'catkin_cmake_args': None, 'catkin_skip_building_tests': False, 'cmake_args': None, 'cmake_clean_cache': False, 'cmake_clean_first': False, 'cmake_force_configure': False, 'cmake_target': None, 'cmake_target_skip_unavailable': False, 'install_base': '/root/ROS_sim/install/my_robot_controller', 'merge_install': False, 'path': '/root/ROS_sim/src/my_robot_controller', 'symlink_install': True, 'test_result_base': None}
[0.654s] Level 5:colcon.colcon_core.verb:set package 'robot_sensing' build argument 'cmake_args' from command line to 'None'
[0.654s] Level 5:colcon.colcon_core.verb:set package 'robot_sensing' build argument 'cmake_target' from command line to 'None'
[0.655s] Level 5:colcon.colcon_core.verb:set package 'robot_sensing' build argument 'cmake_target_skip_unavailable' from command line to 'False'
[0.655s] Level 5:colcon.colcon_core.verb:set package 'robot_sensing' build argument 'cmake_clean_cache' from command line to 'False'
[0.655s] Level 5:colcon.colcon_core.verb:set package 'robot_sensing' build argument 'cmake_clean_first' from command line to 'False'
[0.656s] Level 5:colcon.colcon_core.verb:set package 'robot_sensing' build argument 'cmake_force_configure' from command line to 'False'
[0.656s] Level 5:colcon.colcon_core.verb:set package 'robot_sensing' build argument 'ament_cmake_args' from command line to 'None'
[0.656s] Level 5:colcon.colcon_core.verb:set package 'robot_sensing' build argument 'catkin_cmake_args' from command line to 'None'
[0.656s] Level 5:colcon.colcon_core.verb:set package 'robot_sensing' build argument 'catkin_skip_building_tests' from command line to 'False'
[0.657s] DEBUG:colcon.colcon_core.verb:Building package 'robot_sensing' with the following arguments: {'ament_cmake_args': None, 'build_base': '/root/ROS_sim/build/robot_sensing', 'catkin_cmake_args': None, 'catkin_skip_building_tests': False, 'cmake_args': None, 'cmake_clean_cache': False, 'cmake_clean_first': False, 'cmake_force_configure': False, 'cmake_target': None, 'cmake_target_skip_unavailable': False, 'install_base': '/root/ROS_sim/install/robot_sensing', 'merge_install': False, 'path': '/root/ROS_sim/src/robot_sensing', 'symlink_install': True, 'test_result_base': None}
[0.657s] INFO:colcon.colcon_core.executor:Executing jobs using 'parallel' executor
[0.660s] DEBUG:colcon.colcon_parallel_executor.executor.parallel:run_until_complete
[0.661s] INFO:colcon.colcon_ros.task.ament_python.build:Building ROS package in '/root/ROS_sim/src/my_robot_controller' with build type 'ament_python'
[0.661s] Level 1:colcon.colcon_core.shell:create_environment_hook('my_robot_controller', 'ament_prefix_path')
[0.665s] INFO:colcon.colcon_core.plugin_system:Skipping extension 'colcon_core.shell.bat': Not used on non-Windows systems
[0.666s] INFO:colcon.colcon_core.shell:Creating environment hook '/root/ROS_sim/install/my_robot_controller/share/my_robot_controller/hook/ament_prefix_path.ps1'
[0.669s] INFO:colcon.colcon_core.shell:Creating environment descriptor '/root/ROS_sim/install/my_robot_controller/share/my_robot_controller/hook/ament_prefix_path.dsv'
[0.673s] INFO:colcon.colcon_core.shell:Creating environment hook '/root/ROS_sim/install/my_robot_controller/share/my_robot_controller/hook/ament_prefix_path.sh'
[0.683s] INFO:colcon.colcon_core.shell:Skip shell extension 'powershell' for command environment: Not usable outside of PowerShell
[0.684s] DEBUG:colcon.colcon_core.shell:Skip shell extension 'dsv' for command environment
[0.711s] INFO:colcon.colcon_ros.task.ament_python.build:Building ROS package in '/root/ROS_sim/src/robot_sensing' with build type 'ament_python'
[0.712s] Level 1:colcon.colcon_core.shell:create_environment_hook('robot_sensing', 'ament_prefix_path')
[0.714s] INFO:colcon.colcon_core.shell:Creating environment hook '/root/ROS_sim/install/robot_sensing/share/robot_sensing/hook/ament_prefix_path.ps1'
[0.720s] INFO:colcon.colcon_core.shell:Creating environment descriptor '/root/ROS_sim/install/robot_sensing/share/robot_sensing/hook/ament_prefix_path.dsv'
[0.729s] INFO:colcon.colcon_core.shell:Creating environment hook '/root/ROS_sim/install/robot_sensing/share/robot_sensing/hook/ament_prefix_path.sh'
[0.741s] INFO:colcon.colcon_core.shell:Skip shell extension 'powershell' for command environment: Not usable outside of PowerShell
[0.742s] DEBUG:colcon.colcon_core.shell:Skip shell extension 'dsv' for command environment
[1.380s] INFO:colcon.colcon_core.task.python.build:Building Python package in '/root/ROS_sim/src/my_robot_controller'
[1.381s] INFO:colcon.colcon_core.shell:Skip shell extension 'powershell' for command environment: Not usable outside of PowerShell
[1.382s] DEBUG:colcon.colcon_core.shell:Skip shell extension 'dsv' for command environment
[1.987s] INFO:colcon.colcon_core.task.python.build:Building Python package in '/root/ROS_sim/src/robot_sensing'
[1.989s] INFO:colcon.colcon_core.shell:Skip shell extension 'powershell' for command environment: Not usable outside of PowerShell
[1.990s] DEBUG:colcon.colcon_core.shell:Skip shell extension 'dsv' for command environment
[3.223s] DEBUG:colcon.colcon_core.event_handler.log_command:Invoking command in '/root/ROS_sim/build/robot_sensing': PYTHONPATH=/root/ROS_sim/build/robot_sensing/prefix_override:/usr/lib/python3/dist-packages/colcon_core/task/python/colcon_distutils_commands:/root/ROS_sim/install/robot_sensing/lib/python3.10/site-packages:${PYTHONPATH} /usr/bin/python3 -W ignore:setup.py install is deprecated -W ignore:easy_install command is deprecated setup.py develop --editable --build-directory /root/ROS_sim/build/robot_sensing/build --no-deps symlink_data
[3.276s] DEBUG:colcon.colcon_core.event_handler.log_command:Invoking command in '/root/ROS_sim/build/my_robot_controller': PYTHONPATH=/root/ROS_sim/build/my_robot_controller/prefix_override:/usr/lib/python3/dist-packages/colcon_core/task/python/colcon_distutils_commands:/root/ROS_sim/install/my_robot_controller/lib/python3.10/site-packages:${PYTHONPATH} /usr/bin/python3 -W ignore:setup.py install is deprecated -W ignore:easy_install command is deprecated setup.py develop --editable --build-directory /root/ROS_sim/build/my_robot_controller/build --no-deps symlink_data
[5.169s] Level 1:colcon.colcon_core.shell:create_environment_hook('robot_sensing', 'pythonpath_develop')
[5.171s] INFO:colcon.colcon_core.shell:Creating environment hook '/root/ROS_sim/build/robot_sensing/share/robot_sensing/hook/pythonpath_develop.ps1'
[5.171s] DEBUG:colcon.colcon_core.event_handler.log_command:Invoked command in '/root/ROS_sim/build/robot_sensing' returned '0': PYTHONPATH=/root/ROS_sim/build/robot_sensing/prefix_override:/usr/lib/python3/dist-packages/colcon_core/task/python/colcon_distutils_commands:/root/ROS_sim/install/robot_sensing/lib/python3.10/site-packages:${PYTHONPATH} /usr/bin/python3 -W ignore:setup.py install is deprecated -W ignore:easy_install command is deprecated setup.py develop --editable --build-directory /root/ROS_sim/build/robot_sensing/build --no-deps symlink_data
[5.175s] INFO:colcon.colcon_core.shell:Creating environment descriptor '/root/ROS_sim/build/robot_sensing/share/robot_sensing/hook/pythonpath_develop.dsv'
[5.180s] INFO:colcon.colcon_core.shell:Creating environment hook '/root/ROS_sim/build/robot_sensing/share/robot_sensing/hook/pythonpath_develop.sh'
[5.193s] Level 1:colcon.colcon_core.environment:checking '/root/ROS_sim/install/robot_sensing' for CMake module files
[5.207s] Level 1:colcon.colcon_core.environment:checking '/root/ROS_sim/install/robot_sensing' for CMake config files
[5.242s] Level 1:colcon.colcon_core.environment:checking '/root/ROS_sim/install/robot_sensing/lib'
[5.244s] Level 1:colcon.colcon_core.environment:checking '/root/ROS_sim/install/robot_sensing/bin'
[5.245s] Level 1:colcon.colcon_core.environment:checking '/root/ROS_sim/install/robot_sensing/lib/pkgconfig/robot_sensing.pc'
[5.249s] Level 1:colcon.colcon_core.environment:checking '/root/ROS_sim/install/robot_sensing/lib/python3.10/site-packages'
[5.249s] Level 1:colcon.colcon_core.shell:create_environment_hook('robot_sensing', 'pythonpath')
[5.250s] INFO:colcon.colcon_core.shell:Creating environment hook '/root/ROS_sim/install/robot_sensing/share/robot_sensing/hook/pythonpath.ps1'
[5.255s] INFO:colcon.colcon_core.shell:Creating environment descriptor '/root/ROS_sim/install/robot_sensing/share/robot_sensing/hook/pythonpath.dsv'
[5.259s] INFO:colcon.colcon_core.shell:Creating environment hook '/root/ROS_sim/install/robot_sensing/share/robot_sensing/hook/pythonpath.sh'
[5.263s] Level 1:colcon.colcon_core.environment:checking '/root/ROS_sim/install/robot_sensing/bin'
[5.264s] Level 1:colcon.colcon_core.environment:create_environment_scripts_only(robot_sensing)
[5.266s] INFO:colcon.colcon_core.shell:Creating package script '/root/ROS_sim/install/robot_sensing/share/robot_sensing/package.ps1'
[5.271s] INFO:colcon.colcon_core.shell:Creating package descriptor '/root/ROS_sim/install/robot_sensing/share/robot_sensing/package.dsv'
[5.276s] INFO:colcon.colcon_core.shell:Creating package script '/root/ROS_sim/install/robot_sensing/share/robot_sensing/package.sh'
[5.284s] INFO:colcon.colcon_core.shell:Creating package script '/root/ROS_sim/install/robot_sensing/share/robot_sensing/package.bash'
[5.288s] INFO:colcon.colcon_core.shell:Creating package script '/root/ROS_sim/install/robot_sensing/share/robot_sensing/package.zsh'
[5.292s] Level 1:colcon.colcon_core.environment:create_file_with_runtime_dependencies(/root/ROS_sim/install/robot_sensing/share/colcon-core/packages/robot_sensing)
[5.296s] Level 1:colcon.colcon_core.shell:create_environment_hook('my_robot_controller', 'pythonpath_develop')
[5.297s] INFO:colcon.colcon_core.shell:Creating environment hook '/root/ROS_sim/build/my_robot_controller/share/my_robot_controller/hook/pythonpath_develop.ps1'
[5.300s] INFO:colcon.colcon_core.shell:Creating environment descriptor '/root/ROS_sim/build/my_robot_controller/share/my_robot_controller/hook/pythonpath_develop.dsv'
[5.304s] INFO:colcon.colcon_core.shell:Creating environment hook '/root/ROS_sim/build/my_robot_controller/share/my_robot_controller/hook/pythonpath_develop.sh'
[5.306s] DEBUG:colcon.colcon_core.event_handler.log_command:Invoked command in '/root/ROS_sim/build/my_robot_controller' returned '0': PYTHONPATH=/root/ROS_sim/build/my_robot_controller/prefix_override:/usr/lib/python3/dist-packages/colcon_core/task/python/colcon_distutils_commands:/root/ROS_sim/install/my_robot_controller/lib/python3.10/site-packages:${PYTHONPATH} /usr/bin/python3 -W ignore:setup.py install is deprecated -W ignore:easy_install command is deprecated setup.py develop --editable --build-directory /root/ROS_sim/build/my_robot_controller/build --no-deps symlink_data
[5.308s] Level 1:colcon.colcon_core.environment:checking '/root/ROS_sim/install/my_robot_controller' for CMake module files
[5.338s] Level 1:colcon.colcon_core.environment:checking '/root/ROS_sim/install/my_robot_controller' for CMake config files
[5.387s] Level 1:colcon.colcon_core.environment:checking '/root/ROS_sim/install/my_robot_controller/lib'
[5.389s] Level 1:colcon.colcon_core.environment:checking '/root/ROS_sim/install/my_robot_controller/bin'
[5.391s] Level 1:colcon.colcon_core.environment:checking '/root/ROS_sim/install/my_robot_controller/lib/pkgconfig/my_robot_controller.pc'
[5.393s] Level 1:colcon.colcon_core.environment:checking '/root/ROS_sim/install/my_robot_controller/lib/python3.10/site-packages'
[5.394s] Level 1:colcon.colcon_core.shell:create_environment_hook('my_robot_controller', 'pythonpath')
[5.395s] INFO:colcon.colcon_core.shell:Creating environment hook '/root/ROS_sim/install/my_robot_controller/share/my_robot_controller/hook/pythonpath.ps1'
[5.402s] INFO:colcon.colcon_core.shell:Creating environment descriptor '/root/ROS_sim/install/my_robot_controller/share/my_robot_controller/hook/pythonpath.dsv'
[5.406s] INFO:colcon.colcon_core.shell:Creating environment hook '/root/ROS_sim/install/my_robot_controller/share/my_robot_controller/hook/pythonpath.sh'
[5.410s] Level 1:colcon.colcon_core.environment:checking '/root/ROS_sim/install/my_robot_controller/bin'
[5.411s] Level 1:colcon.colcon_core.environment:create_environment_scripts_only(my_robot_controller)
[5.412s] INFO:colcon.colcon_core.shell:Creating package script '/root/ROS_sim/install/my_robot_controller/share/my_robot_controller/package.ps1'
[5.417s] INFO:colcon.colcon_core.shell:Creating package descriptor '/root/ROS_sim/install/my_robot_controller/share/my_robot_controller/package.dsv'
[5.421s] INFO:colcon.colcon_core.shell:Creating package script '/root/ROS_sim/install/my_robot_controller/share/my_robot_controller/package.sh'
[5.431s] INFO:colcon.colcon_core.shell:Creating package script '/root/ROS_sim/install/my_robot_controller/share/my_robot_controller/package.bash'
[5.439s] INFO:colcon.colcon_core.shell:Creating package script '/root/ROS_sim/install/my_robot_controller/share/my_robot_controller/package.zsh'
[5.442s] Level 1:colcon.colcon_core.environment:create_file_with_runtime_dependencies(/root/ROS_sim/install/my_robot_controller/share/colcon-core/packages/my_robot_controller)
[5.453s] DEBUG:colcon.colcon_parallel_executor.executor.parallel:closing loop
[5.453s] DEBUG:colcon.colcon_parallel_executor.executor.parallel:loop closed
[5.456s] DEBUG:colcon.colcon_parallel_executor.executor.parallel:run_until_complete finished with '0'
[5.456s] DEBUG:colcon.colcon_core.event_reactor:joining thread
[5.513s] INFO:colcon.colcon_core.plugin_system:Skipping extension 'colcon_notification.desktop_notification.notify_send': Could not find 'notify-send'
[5.514s] INFO:colcon.colcon_core.plugin_system:Skipping extension 'colcon_notification.desktop_notification.terminal_notifier': Not used on non-Darwin systems
[5.514s] INFO:colcon.colcon_core.plugin_system:Skipping extension 'colcon_notification.desktop_notification.win32': Not used on non-Windows systems
[5.515s] INFO:colcon.colcon_notification.desktop_notification:Sending desktop notification using 'notify2'
[5.516s] DEBUG:colcon.colcon_notification.desktop_notification.notify2:Failed to initialize notify2: org.freedesktop.DBus.Error.NotSupported: Unable to autolaunch a dbus-daemon without a $DISPLAY for X11
[5.516s] DEBUG:colcon.colcon_core.event_reactor:joined thread
[5.517s] INFO:colcon.colcon_core.shell:Creating prefix script '/root/ROS_sim/install/local_setup.ps1'
[5.521s] INFO:colcon.colcon_core.shell:Creating prefix util module '/root/ROS_sim/install/_local_setup_util_ps1.py'
[5.529s] INFO:colcon.colcon_core.shell:Creating prefix chain script '/root/ROS_sim/install/setup.ps1'
[5.542s] INFO:colcon.colcon_core.shell:Creating prefix script '/root/ROS_sim/install/local_setup.sh'
[5.546s] INFO:colcon.colcon_core.shell:Creating prefix util module '/root/ROS_sim/install/_local_setup_util_sh.py'
[5.550s] INFO:colcon.colcon_core.shell:Creating prefix chain script '/root/ROS_sim/install/setup.sh'
[5.559s] INFO:colcon.colcon_core.shell:Creating prefix script '/root/ROS_sim/install/local_setup.bash'
[5.563s] INFO:colcon.colcon_core.shell:Creating prefix chain script '/root/ROS_sim/install/setup.bash'
[5.571s] INFO:colcon.colcon_core.shell:Creating prefix script '/root/ROS_sim/install/local_setup.zsh'
[5.576s] INFO:colcon.colcon_core.shell:Creating prefix chain script '/root/ROS_sim/install/setup.zsh'
