[1.591s] Invoking command in '/root/ROS_sim/src/my_robot_controller': PYTHONPATH=/root/ROS_sim/build/my_robot_controller/prefix_override:/usr/lib/python3/dist-packages/colcon_core/task/python/colcon_distutils_commands:/root/ROS_sim/install/my_robot_controller/lib/python3.10/site-packages:${PYTHONPATH} /usr/bin/python3 -W ignore:setup.py install is deprecated -W ignore:easy_install command is deprecated setup.py egg_info --egg-base ../../build/my_robot_controller build --build-base /root/ROS_sim/build/my_robot_controller/build install --record /root/ROS_sim/build/my_robot_controller/install.log --single-version-externally-managed install_data
[1.923s] running egg_info
[1.926s] creating ../../build/my_robot_controller/my_robot_controller.egg-info
[1.929s] writing ../../build/my_robot_controller/my_robot_controller.egg-info/PKG-INFO
[1.934s] writing dependency_links to ../../build/my_robot_controller/my_robot_controller.egg-info/dependency_links.txt
[1.938s] writing entry points to ../../build/my_robot_controller/my_robot_controller.egg-info/entry_points.txt
[1.941s] writing requirements to ../../build/my_robot_controller/my_robot_controller.egg-info/requires.txt
[1.943s] writing top-level names to ../../build/my_robot_controller/my_robot_controller.egg-info/top_level.txt
[1.946s] writing manifest file '../../build/my_robot_controller/my_robot_controller.egg-info/SOURCES.txt'
[1.960s] reading manifest file '../../build/my_robot_controller/my_robot_controller.egg-info/SOURCES.txt'
[1.966s] writing manifest file '../../build/my_robot_controller/my_robot_controller.egg-info/SOURCES.txt'
[1.968s] running build
[1.969s] running build_py
[1.971s] creating /root/ROS_sim/build/my_robot_controller/build
[1.973s] creating /root/ROS_sim/build/my_robot_controller/build/lib
[1.974s] creating /root/ROS_sim/build/my_robot_controller/build/lib/my_robot_controller
[1.977s] copying my_robot_controller/__init__.py -> /root/ROS_sim/build/my_robot_controller/build/lib/my_robot_controller
[1.982s] running install
[1.983s] running install_lib
[1.988s] creating /root/ROS_sim/install/my_robot_controller/lib/python3.10/site-packages/my_robot_controller
[1.990s] copying /root/ROS_sim/build/my_robot_controller/build/lib/my_robot_controller/__init__.py -> /root/ROS_sim/install/my_robot_controller/lib/python3.10/site-packages/my_robot_controller
[1.996s] byte-compiling /root/ROS_sim/install/my_robot_controller/lib/python3.10/site-packages/my_robot_controller/__init__.py to __init__.cpython-310.pyc
[2.001s] running install_data
[2.004s] creating /root/ROS_sim/install/my_robot_controller/share/ament_index
[2.005s] creating /root/ROS_sim/install/my_robot_controller/share/ament_index/resource_index
[2.007s] creating /root/ROS_sim/install/my_robot_controller/share/ament_index/resource_index/packages
[2.008s] copying resource/my_robot_controller -> /root/ROS_sim/install/my_robot_controller/share/ament_index/resource_index/packages
[2.012s] copying package.xml -> /root/ROS_sim/install/my_robot_controller/share/my_robot_controller
[2.017s] running install_egg_info
[2.024s] Copying ../../build/my_robot_controller/my_robot_controller.egg-info to /root/ROS_sim/install/my_robot_controller/lib/python3.10/site-packages/my_robot_controller-0.0.0-py3.10.egg-info
[2.094s] running install_scripts
[2.166s] writing list of installed files to '/root/ROS_sim/build/my_robot_controller/install.log'
[2.307s] Invoked command in '/root/ROS_sim/src/my_robot_controller' returned '0': PYTHONPATH=/root/ROS_sim/build/my_robot_controller/prefix_override:/usr/lib/python3/dist-packages/colcon_core/task/python/colcon_distutils_commands:/root/ROS_sim/install/my_robot_controller/lib/python3.10/site-packages:${PYTHONPATH} /usr/bin/python3 -W ignore:setup.py install is deprecated -W ignore:easy_install command is deprecated setup.py egg_info --egg-base ../../build/my_robot_controller build --build-base /root/ROS_sim/build/my_robot_controller/build install --record /root/ROS_sim/build/my_robot_controller/install.log --single-version-externally-managed install_data
