[0.311s] DEBUG:colcon:Command line arguments: ['/usr/bin/colcon', 'build', '--symlink-install']
[0.311s] DEBUG:colcon:Parsed command line arguments: Namespace(log_base=None, log_level=None, verb_name='build', build_base='build', install_base='install', merge_install=False, symlink_install=True, test_result_base=None, continue_on_error=False, executor='parallel', parallel_workers=4, event_handlers=None, ignore_user_meta=False, metas=['./colcon.meta'], base_paths=['.'], packages_ignore=None, packages_ignore_regex=None, paths=None, packages_up_to=None, packages_up_to_regex=None, packages_above=None, packages_above_and_dependencies=None, packages_above_depth=None, packages_select_by_dep=None, packages_skip_by_dep=None, packages_skip_up_to=None, packages_select_build_failed=False, packages_skip_build_finished=False, packages_select_test_failures=False, packages_skip_test_passed=False, packages_select=None, packages_skip=None, packages_select_regex=None, packages_skip_regex=None, packages_start=None, packages_end=None, cmake_args=None, cmake_target=None, cmake_target_skip_unavailable=False, cmake_clean_cache=False, cmake_clean_first=False, cmake_force_configure=False, ament_cmake_args=None, catkin_cmake_args=None, catkin_skip_building_tests=False, mixin_files=None, mixin=None, verb_parser=<colcon_mixin.mixin.mixin_argument.MixinArgumentDecorator object at 0x7f39f9f1f8b0>, verb_extension=<colcon_core.verb.build.BuildVerb object at 0x7f39f9f1f2b0>, main=<bound method BuildVerb.main of <colcon_core.verb.build.BuildVerb object at 0x7f39f9f1f2b0>>, mixin_verb=('build',))
[0.554s] Level 1:colcon.colcon_core.package_discovery:discover_packages(colcon_meta) check parameters
[0.557s] INFO:colcon.colcon_metadata.package_discovery.colcon_meta:Using configuration from '/root/.colcon/metadata/default/Gazebo.meta'
[0.559s] INFO:colcon.colcon_metadata.package_discovery.colcon_meta:Using configuration from '/root/.colcon/metadata/default/fastdds.meta'
[0.560s] INFO:colcon.colcon_metadata.package_discovery.colcon_meta:Using configuration from '/root/.colcon/metadata/default/fastrtps.meta'
[0.561s] Level 1:colcon.colcon_core.package_discovery:discover_packages(recursive) check parameters
[0.562s] Level 1:colcon.colcon_core.package_discovery:discover_packages(ignore) check parameters
[0.563s] Level 1:colcon.colcon_core.package_discovery:discover_packages(path) check parameters
[0.563s] Level 1:colcon.colcon_core.package_discovery:discover_packages(colcon_meta) discover
[0.563s] Level 1:colcon.colcon_core.package_discovery:discover_packages(recursive) discover
[0.564s] INFO:colcon.colcon_core.package_discovery:Crawling recursively for packages in '/root/ROS_sim'
[0.566s] Level 1:colcon.colcon_core.package_identification:_identify(.) by extensions ['ignore', 'ignore_ament_install']
[0.567s] Level 1:colcon.colcon_core.package_identification:_identify(.) by extension 'ignore'
[0.567s] Level 1:colcon.colcon_core.package_identification:_identify(.) by extension 'ignore_ament_install'
[0.568s] Level 1:colcon.colcon_core.package_identification:_identify(.) by extensions ['colcon_pkg']
[0.569s] Level 1:colcon.colcon_core.package_identification:_identify(.) by extension 'colcon_pkg'
[0.569s] Level 1:colcon.colcon_core.package_identification:_identify(.) by extensions ['colcon_meta']
[0.569s] Level 1:colcon.colcon_core.package_identification:_identify(.) by extension 'colcon_meta'
[0.570s] Level 1:colcon.colcon_core.package_identification:_identify(.) by extensions ['ros']
[0.570s] Level 1:colcon.colcon_core.package_identification:_identify(.) by extension 'ros'
[0.598s] Level 1:colcon.colcon_core.package_identification:_identify(.) by extensions ['cmake', 'python']
[0.599s] Level 1:colcon.colcon_core.package_identification:_identify(.) by extension 'cmake'
[0.600s] Level 1:colcon.colcon_core.package_identification:_identify(.) by extension 'python'
[0.601s] Level 1:colcon.colcon_core.package_identification:_identify(.) by extensions ['python_setup_py']
[0.602s] Level 1:colcon.colcon_core.package_identification:_identify(.) by extension 'python_setup_py'
[0.603s] Level 1:colcon.colcon_core.package_identification:_identify(build) by extensions ['ignore', 'ignore_ament_install']
[0.604s] Level 1:colcon.colcon_core.package_identification:_identify(build) by extension 'ignore'
[0.605s] Level 1:colcon.colcon_core.package_identification:_identify(build) ignored
[0.606s] Level 1:colcon.colcon_core.package_identification:_identify(data) by extensions ['ignore', 'ignore_ament_install']
[0.607s] Level 1:colcon.colcon_core.package_identification:_identify(data) by extension 'ignore'
[0.607s] Level 1:colcon.colcon_core.package_identification:_identify(data) by extension 'ignore_ament_install'
[0.608s] Level 1:colcon.colcon_core.package_identification:_identify(data) by extensions ['colcon_pkg']
[0.609s] Level 1:colcon.colcon_core.package_identification:_identify(data) by extension 'colcon_pkg'
[0.609s] Level 1:colcon.colcon_core.package_identification:_identify(data) by extensions ['colcon_meta']
[0.610s] Level 1:colcon.colcon_core.package_identification:_identify(data) by extension 'colcon_meta'
[0.610s] Level 1:colcon.colcon_core.package_identification:_identify(data) by extensions ['ros']
[0.610s] Level 1:colcon.colcon_core.package_identification:_identify(data) by extension 'ros'
[0.612s] Level 1:colcon.colcon_core.package_identification:_identify(data) by extensions ['cmake', 'python']
[0.612s] Level 1:colcon.colcon_core.package_identification:_identify(data) by extension 'cmake'
[0.614s] Level 1:colcon.colcon_core.package_identification:_identify(data) by extension 'python'
[0.615s] Level 1:colcon.colcon_core.package_identification:_identify(data) by extensions ['python_setup_py']
[0.615s] Level 1:colcon.colcon_core.package_identification:_identify(data) by extension 'python_setup_py'
[0.618s] Level 1:colcon.colcon_core.package_identification:_identify(data/sensor_logs) by extensions ['ignore', 'ignore_ament_install']
[0.618s] Level 1:colcon.colcon_core.package_identification:_identify(data/sensor_logs) by extension 'ignore'
[0.619s] Level 1:colcon.colcon_core.package_identification:_identify(data/sensor_logs) by extension 'ignore_ament_install'
[0.620s] Level 1:colcon.colcon_core.package_identification:_identify(data/sensor_logs) by extensions ['colcon_pkg']
[0.621s] Level 1:colcon.colcon_core.package_identification:_identify(data/sensor_logs) by extension 'colcon_pkg'
[0.621s] Level 1:colcon.colcon_core.package_identification:_identify(data/sensor_logs) by extensions ['colcon_meta']
[0.621s] Level 1:colcon.colcon_core.package_identification:_identify(data/sensor_logs) by extension 'colcon_meta'
[0.622s] Level 1:colcon.colcon_core.package_identification:_identify(data/sensor_logs) by extensions ['ros']
[0.622s] Level 1:colcon.colcon_core.package_identification:_identify(data/sensor_logs) by extension 'ros'
[0.624s] Level 1:colcon.colcon_core.package_identification:_identify(data/sensor_logs) by extensions ['cmake', 'python']
[0.624s] Level 1:colcon.colcon_core.package_identification:_identify(data/sensor_logs) by extension 'cmake'
[0.625s] Level 1:colcon.colcon_core.package_identification:_identify(data/sensor_logs) by extension 'python'
[0.626s] Level 1:colcon.colcon_core.package_identification:_identify(data/sensor_logs) by extensions ['python_setup_py']
[0.626s] Level 1:colcon.colcon_core.package_identification:_identify(data/sensor_logs) by extension 'python_setup_py'
[0.629s] Level 1:colcon.colcon_core.package_identification:_identify(install) by extensions ['ignore', 'ignore_ament_install']
[0.629s] Level 1:colcon.colcon_core.package_identification:_identify(install) by extension 'ignore'
[0.630s] Level 1:colcon.colcon_core.package_identification:_identify(install) ignored
[0.632s] Level 1:colcon.colcon_core.package_identification:_identify(launch) by extensions ['ignore', 'ignore_ament_install']
[0.632s] Level 1:colcon.colcon_core.package_identification:_identify(launch) by extension 'ignore'
[0.633s] Level 1:colcon.colcon_core.package_identification:_identify(launch) by extension 'ignore_ament_install'
[0.634s] Level 1:colcon.colcon_core.package_identification:_identify(launch) by extensions ['colcon_pkg']
[0.635s] Level 1:colcon.colcon_core.package_identification:_identify(launch) by extension 'colcon_pkg'
[0.635s] Level 1:colcon.colcon_core.package_identification:_identify(launch) by extensions ['colcon_meta']
[0.636s] Level 1:colcon.colcon_core.package_identification:_identify(launch) by extension 'colcon_meta'
[0.636s] Level 1:colcon.colcon_core.package_identification:_identify(launch) by extensions ['ros']
[0.636s] Level 1:colcon.colcon_core.package_identification:_identify(launch) by extension 'ros'
[0.639s] Level 1:colcon.colcon_core.package_identification:_identify(launch) by extensions ['cmake', 'python']
[0.639s] Level 1:colcon.colcon_core.package_identification:_identify(launch) by extension 'cmake'
[0.640s] Level 1:colcon.colcon_core.package_identification:_identify(launch) by extension 'python'
[0.640s] Level 1:colcon.colcon_core.package_identification:_identify(launch) by extensions ['python_setup_py']
[0.641s] Level 1:colcon.colcon_core.package_identification:_identify(launch) by extension 'python_setup_py'
[0.647s] Level 1:colcon.colcon_core.package_identification:_identify(log) by extensions ['ignore', 'ignore_ament_install']
[0.647s] Level 1:colcon.colcon_core.package_identification:_identify(log) by extension 'ignore'
[0.648s] Level 1:colcon.colcon_core.package_identification:_identify(log) ignored
[0.649s] Level 1:colcon.colcon_core.package_identification:_identify(src) by extensions ['ignore', 'ignore_ament_install']
[0.650s] Level 1:colcon.colcon_core.package_identification:_identify(src) by extension 'ignore'
[0.650s] Level 1:colcon.colcon_core.package_identification:_identify(src) by extension 'ignore_ament_install'
[0.651s] Level 1:colcon.colcon_core.package_identification:_identify(src) by extensions ['colcon_pkg']
[0.652s] Level 1:colcon.colcon_core.package_identification:_identify(src) by extension 'colcon_pkg'
[0.653s] Level 1:colcon.colcon_core.package_identification:_identify(src) by extensions ['colcon_meta']
[0.653s] Level 1:colcon.colcon_core.package_identification:_identify(src) by extension 'colcon_meta'
[0.653s] Level 1:colcon.colcon_core.package_identification:_identify(src) by extensions ['ros']
[0.654s] Level 1:colcon.colcon_core.package_identification:_identify(src) by extension 'ros'
[0.655s] Level 1:colcon.colcon_core.package_identification:_identify(src) by extensions ['cmake', 'python']
[0.655s] Level 1:colcon.colcon_core.package_identification:_identify(src) by extension 'cmake'
[0.656s] Level 1:colcon.colcon_core.package_identification:_identify(src) by extension 'python'
[0.657s] Level 1:colcon.colcon_core.package_identification:_identify(src) by extensions ['python_setup_py']
[0.657s] Level 1:colcon.colcon_core.package_identification:_identify(src) by extension 'python_setup_py'
[0.659s] Level 1:colcon.colcon_core.package_identification:_identify(src/my_robot_controller) by extensions ['ignore', 'ignore_ament_install']
[0.660s] Level 1:colcon.colcon_core.package_identification:_identify(src/my_robot_controller) by extension 'ignore'
[0.661s] Level 1:colcon.colcon_core.package_identification:_identify(src/my_robot_controller) by extension 'ignore_ament_install'
[0.662s] Level 1:colcon.colcon_core.package_identification:_identify(src/my_robot_controller) by extensions ['colcon_pkg']
[0.662s] Level 1:colcon.colcon_core.package_identification:_identify(src/my_robot_controller) by extension 'colcon_pkg'
[0.663s] Level 1:colcon.colcon_core.package_identification:_identify(src/my_robot_controller) by extensions ['colcon_meta']
[0.663s] Level 1:colcon.colcon_core.package_identification:_identify(src/my_robot_controller) by extension 'colcon_meta'
[0.663s] Level 1:colcon.colcon_core.package_identification:_identify(src/my_robot_controller) by extensions ['ros']
[0.664s] Level 1:colcon.colcon_core.package_identification:_identify(src/my_robot_controller) by extension 'ros'
[0.674s] DEBUG:colcon.colcon_core.package_identification:Package 'src/my_robot_controller' with type 'ros.ament_python' and name 'my_robot_controller'
[0.677s] Level 1:colcon.colcon_core.package_identification:_identify(src/robot_sensing) by extensions ['ignore', 'ignore_ament_install']
[0.677s] Level 1:colcon.colcon_core.package_identification:_identify(src/robot_sensing) by extension 'ignore'
[0.678s] Level 1:colcon.colcon_core.package_identification:_identify(src/robot_sensing) by extension 'ignore_ament_install'
[0.680s] Level 1:colcon.colcon_core.package_identification:_identify(src/robot_sensing) by extensions ['colcon_pkg']
[0.680s] Level 1:colcon.colcon_core.package_identification:_identify(src/robot_sensing) by extension 'colcon_pkg'
[0.681s] Level 1:colcon.colcon_core.package_identification:_identify(src/robot_sensing) by extensions ['colcon_meta']
[0.681s] Level 1:colcon.colcon_core.package_identification:_identify(src/robot_sensing) by extension 'colcon_meta'
[0.681s] Level 1:colcon.colcon_core.package_identification:_identify(src/robot_sensing) by extensions ['ros']
[0.682s] Level 1:colcon.colcon_core.package_identification:_identify(src/robot_sensing) by extension 'ros'
[0.686s] DEBUG:colcon.colcon_core.package_identification:Package 'src/robot_sensing' with type 'ros.ament_python' and name 'robot_sensing'
[0.687s] Level 1:colcon.colcon_core.package_identification:_identify(urdf) by extensions ['ignore', 'ignore_ament_install']
[0.688s] Level 1:colcon.colcon_core.package_identification:_identify(urdf) by extension 'ignore'
[0.690s] Level 1:colcon.colcon_core.package_identification:_identify(urdf) by extension 'ignore_ament_install'
[0.691s] Level 1:colcon.colcon_core.package_identification:_identify(urdf) by extensions ['colcon_pkg']
[0.691s] Level 1:colcon.colcon_core.package_identification:_identify(urdf) by extension 'colcon_pkg'
[0.692s] Level 1:colcon.colcon_core.package_identification:_identify(urdf) by extensions ['colcon_meta']
[0.692s] Level 1:colcon.colcon_core.package_identification:_identify(urdf) by extension 'colcon_meta'
[0.692s] Level 1:colcon.colcon_core.package_identification:_identify(urdf) by extensions ['ros']
[0.693s] Level 1:colcon.colcon_core.package_identification:_identify(urdf) by extension 'ros'
[0.694s] Level 1:colcon.colcon_core.package_identification:_identify(urdf) by extensions ['cmake', 'python']
[0.695s] Level 1:colcon.colcon_core.package_identification:_identify(urdf) by extension 'cmake'
[0.695s] Level 1:colcon.colcon_core.package_identification:_identify(urdf) by extension 'python'
[0.696s] Level 1:colcon.colcon_core.package_identification:_identify(urdf) by extensions ['python_setup_py']
[0.696s] Level 1:colcon.colcon_core.package_identification:_identify(urdf) by extension 'python_setup_py'
[0.699s] Level 1:colcon.colcon_core.package_identification:_identify(worlds) by extensions ['ignore', 'ignore_ament_install']
[0.699s] Level 1:colcon.colcon_core.package_identification:_identify(worlds) by extension 'ignore'
[0.700s] Level 1:colcon.colcon_core.package_identification:_identify(worlds) by extension 'ignore_ament_install'
[0.701s] Level 1:colcon.colcon_core.package_identification:_identify(worlds) by extensions ['colcon_pkg']
[0.701s] Level 1:colcon.colcon_core.package_identification:_identify(worlds) by extension 'colcon_pkg'
[0.702s] Level 1:colcon.colcon_core.package_identification:_identify(worlds) by extensions ['colcon_meta']
[0.702s] Level 1:colcon.colcon_core.package_identification:_identify(worlds) by extension 'colcon_meta'
[0.702s] Level 1:colcon.colcon_core.package_identification:_identify(worlds) by extensions ['ros']
[0.703s] Level 1:colcon.colcon_core.package_identification:_identify(worlds) by extension 'ros'
[0.704s] Level 1:colcon.colcon_core.package_identification:_identify(worlds) by extensions ['cmake', 'python']
[0.704s] Level 1:colcon.colcon_core.package_identification:_identify(worlds) by extension 'cmake'
[0.705s] Level 1:colcon.colcon_core.package_identification:_identify(worlds) by extension 'python'
[0.706s] Level 1:colcon.colcon_core.package_identification:_identify(worlds) by extensions ['python_setup_py']
[0.707s] Level 1:colcon.colcon_core.package_identification:_identify(worlds) by extension 'python_setup_py'
[0.708s] Level 1:colcon.colcon_core.package_discovery:discover_packages(recursive) using defaults
[0.708s] Level 1:colcon.colcon_core.package_discovery:discover_packages(ignore) discover
[0.709s] Level 1:colcon.colcon_core.package_discovery:discover_packages(ignore) using defaults
[0.709s] Level 1:colcon.colcon_core.package_discovery:discover_packages(path) discover
[0.710s] Level 1:colcon.colcon_core.package_discovery:discover_packages(path) using defaults
[0.767s] Level 5:colcon.colcon_core.verb:set package 'my_robot_controller' build argument 'cmake_args' from command line to 'None'
[0.767s] Level 5:colcon.colcon_core.verb:set package 'my_robot_controller' build argument 'cmake_target' from command line to 'None'
[0.768s] Level 5:colcon.colcon_core.verb:set package 'my_robot_controller' build argument 'cmake_target_skip_unavailable' from command line to 'False'
[0.768s] Level 5:colcon.colcon_core.verb:set package 'my_robot_controller' build argument 'cmake_clean_cache' from command line to 'False'
[0.768s] Level 5:colcon.colcon_core.verb:set package 'my_robot_controller' build argument 'cmake_clean_first' from command line to 'False'
[0.769s] Level 5:colcon.colcon_core.verb:set package 'my_robot_controller' build argument 'cmake_force_configure' from command line to 'False'
[0.769s] Level 5:colcon.colcon_core.verb:set package 'my_robot_controller' build argument 'ament_cmake_args' from command line to 'None'
[0.769s] Level 5:colcon.colcon_core.verb:set package 'my_robot_controller' build argument 'catkin_cmake_args' from command line to 'None'
[0.770s] Level 5:colcon.colcon_core.verb:set package 'my_robot_controller' build argument 'catkin_skip_building_tests' from command line to 'False'
[0.770s] DEBUG:colcon.colcon_core.verb:Building package 'my_robot_controller' with the following arguments: {'ament_cmake_args': None, 'build_base': '/root/ROS_sim/build/my_robot_controller', 'catkin_cmake_args': None, 'catkin_skip_building_tests': False, 'cmake_args': None, 'cmake_clean_cache': False, 'cmake_clean_first': False, 'cmake_force_configure': False, 'cmake_target': None, 'cmake_target_skip_unavailable': False, 'install_base': '/root/ROS_sim/install/my_robot_controller', 'merge_install': False, 'path': '/root/ROS_sim/src/my_robot_controller', 'symlink_install': True, 'test_result_base': None}
[0.771s] Level 5:colcon.colcon_core.verb:set package 'robot_sensing' build argument 'cmake_args' from command line to 'None'
[0.772s] Level 5:colcon.colcon_core.verb:set package 'robot_sensing' build argument 'cmake_target' from command line to 'None'
[0.772s] Level 5:colcon.colcon_core.verb:set package 'robot_sensing' build argument 'cmake_target_skip_unavailable' from command line to 'False'
[0.773s] Level 5:colcon.colcon_core.verb:set package 'robot_sensing' build argument 'cmake_clean_cache' from command line to 'False'
[0.773s] Level 5:colcon.colcon_core.verb:set package 'robot_sensing' build argument 'cmake_clean_first' from command line to 'False'
[0.773s] Level 5:colcon.colcon_core.verb:set package 'robot_sensing' build argument 'cmake_force_configure' from command line to 'False'
[0.774s] Level 5:colcon.colcon_core.verb:set package 'robot_sensing' build argument 'ament_cmake_args' from command line to 'None'
[0.774s] Level 5:colcon.colcon_core.verb:set package 'robot_sensing' build argument 'catkin_cmake_args' from command line to 'None'
[0.774s] Level 5:colcon.colcon_core.verb:set package 'robot_sensing' build argument 'catkin_skip_building_tests' from command line to 'False'
[0.774s] DEBUG:colcon.colcon_core.verb:Building package 'robot_sensing' with the following arguments: {'ament_cmake_args': None, 'build_base': '/root/ROS_sim/build/robot_sensing', 'catkin_cmake_args': None, 'catkin_skip_building_tests': False, 'cmake_args': None, 'cmake_clean_cache': False, 'cmake_clean_first': False, 'cmake_force_configure': False, 'cmake_target': None, 'cmake_target_skip_unavailable': False, 'install_base': '/root/ROS_sim/install/robot_sensing', 'merge_install': False, 'path': '/root/ROS_sim/src/robot_sensing', 'symlink_install': True, 'test_result_base': None}
[0.775s] INFO:colcon.colcon_core.executor:Executing jobs using 'parallel' executor
[0.778s] DEBUG:colcon.colcon_parallel_executor.executor.parallel:run_until_complete
[0.779s] INFO:colcon.colcon_ros.task.ament_python.build:Building ROS package in '/root/ROS_sim/src/my_robot_controller' with build type 'ament_python'
[0.780s] Level 1:colcon.colcon_core.shell:create_environment_hook('my_robot_controller', 'ament_prefix_path')
[0.790s] INFO:colcon.colcon_core.plugin_system:Skipping extension 'colcon_core.shell.bat': Not used on non-Windows systems
[0.793s] INFO:colcon.colcon_core.shell:Creating environment hook '/root/ROS_sim/install/my_robot_controller/share/my_robot_controller/hook/ament_prefix_path.ps1'
[0.812s] INFO:colcon.colcon_core.shell:Creating environment descriptor '/root/ROS_sim/install/my_robot_controller/share/my_robot_controller/hook/ament_prefix_path.dsv'
[0.816s] INFO:colcon.colcon_core.shell:Creating environment hook '/root/ROS_sim/install/my_robot_controller/share/my_robot_controller/hook/ament_prefix_path.sh'
[0.822s] INFO:colcon.colcon_core.shell:Skip shell extension 'powershell' for command environment: Not usable outside of PowerShell
[0.822s] DEBUG:colcon.colcon_core.shell:Skip shell extension 'dsv' for command environment
[0.852s] INFO:colcon.colcon_ros.task.ament_python.build:Building ROS package in '/root/ROS_sim/src/robot_sensing' with build type 'ament_python'
[0.853s] Level 1:colcon.colcon_core.shell:create_environment_hook('robot_sensing', 'ament_prefix_path')
[0.854s] INFO:colcon.colcon_core.shell:Creating environment hook '/root/ROS_sim/install/robot_sensing/share/robot_sensing/hook/ament_prefix_path.ps1'
[0.864s] INFO:colcon.colcon_core.shell:Creating environment descriptor '/root/ROS_sim/install/robot_sensing/share/robot_sensing/hook/ament_prefix_path.dsv'
[0.881s] INFO:colcon.colcon_core.shell:Creating environment hook '/root/ROS_sim/install/robot_sensing/share/robot_sensing/hook/ament_prefix_path.sh'
[0.895s] INFO:colcon.colcon_core.shell:Skip shell extension 'powershell' for command environment: Not usable outside of PowerShell
[0.897s] DEBUG:colcon.colcon_core.shell:Skip shell extension 'dsv' for command environment
[1.685s] INFO:colcon.colcon_core.task.python.build:Building Python package in '/root/ROS_sim/src/my_robot_controller'
[1.685s] INFO:colcon.colcon_core.shell:Skip shell extension 'powershell' for command environment: Not usable outside of PowerShell
[1.686s] DEBUG:colcon.colcon_core.shell:Skip shell extension 'dsv' for command environment
[2.560s] INFO:colcon.colcon_core.task.python.build:Building Python package in '/root/ROS_sim/src/robot_sensing'
[2.561s] INFO:colcon.colcon_core.shell:Skip shell extension 'powershell' for command environment: Not usable outside of PowerShell
[2.563s] DEBUG:colcon.colcon_core.shell:Skip shell extension 'dsv' for command environment
[3.907s] DEBUG:colcon.colcon_core.event_handler.log_command:Invoking command in '/root/ROS_sim/build/my_robot_controller': PYTHONPATH=/root/ROS_sim/build/my_robot_controller/prefix_override:/usr/lib/python3/dist-packages/colcon_core/task/python/colcon_distutils_commands:/root/ROS_sim/install/my_robot_controller/lib/python3.10/site-packages:${PYTHONPATH} /usr/bin/python3 -W ignore:setup.py install is deprecated -W ignore:easy_install command is deprecated setup.py develop --editable --build-directory /root/ROS_sim/build/my_robot_controller/build --no-deps symlink_data
[4.000s] DEBUG:colcon.colcon_core.event_handler.log_command:Invoking command in '/root/ROS_sim/build/robot_sensing': PYTHONPATH=/root/ROS_sim/build/robot_sensing/prefix_override:/usr/lib/python3/dist-packages/colcon_core/task/python/colcon_distutils_commands:/root/ROS_sim/install/robot_sensing/lib/python3.10/site-packages:${PYTHONPATH} /usr/bin/python3 -W ignore:setup.py install is deprecated -W ignore:easy_install command is deprecated setup.py develop --editable --build-directory /root/ROS_sim/build/robot_sensing/build --no-deps symlink_data
[6.130s] Level 1:colcon.colcon_core.shell:create_environment_hook('my_robot_controller', 'pythonpath_develop')
[6.132s] INFO:colcon.colcon_core.shell:Creating environment hook '/root/ROS_sim/build/my_robot_controller/share/my_robot_controller/hook/pythonpath_develop.ps1'
[6.136s] DEBUG:colcon.colcon_core.event_handler.log_command:Invoked command in '/root/ROS_sim/build/my_robot_controller' returned '0': PYTHONPATH=/root/ROS_sim/build/my_robot_controller/prefix_override:/usr/lib/python3/dist-packages/colcon_core/task/python/colcon_distutils_commands:/root/ROS_sim/install/my_robot_controller/lib/python3.10/site-packages:${PYTHONPATH} /usr/bin/python3 -W ignore:setup.py install is deprecated -W ignore:easy_install command is deprecated setup.py develop --editable --build-directory /root/ROS_sim/build/my_robot_controller/build --no-deps symlink_data
[6.169s] INFO:colcon.colcon_core.shell:Creating environment descriptor '/root/ROS_sim/build/my_robot_controller/share/my_robot_controller/hook/pythonpath_develop.dsv'
[6.195s] INFO:colcon.colcon_core.shell:Creating environment hook '/root/ROS_sim/build/my_robot_controller/share/my_robot_controller/hook/pythonpath_develop.sh'
[6.213s] Level 1:colcon.colcon_core.environment:checking '/root/ROS_sim/install/my_robot_controller' for CMake module files
[6.247s] Level 1:colcon.colcon_core.environment:checking '/root/ROS_sim/install/my_robot_controller' for CMake config files
[6.288s] Level 1:colcon.colcon_core.environment:checking '/root/ROS_sim/install/my_robot_controller/lib'
[6.289s] Level 1:colcon.colcon_core.environment:checking '/root/ROS_sim/install/my_robot_controller/bin'
[6.290s] Level 1:colcon.colcon_core.environment:checking '/root/ROS_sim/install/my_robot_controller/lib/pkgconfig/my_robot_controller.pc'
[6.291s] Level 1:colcon.colcon_core.environment:checking '/root/ROS_sim/install/my_robot_controller/lib/python3.10/site-packages'
[6.291s] Level 1:colcon.colcon_core.shell:create_environment_hook('my_robot_controller', 'pythonpath')
[6.293s] INFO:colcon.colcon_core.shell:Creating environment hook '/root/ROS_sim/install/my_robot_controller/share/my_robot_controller/hook/pythonpath.ps1'
[6.305s] INFO:colcon.colcon_core.shell:Creating environment descriptor '/root/ROS_sim/install/my_robot_controller/share/my_robot_controller/hook/pythonpath.dsv'
[6.315s] INFO:colcon.colcon_core.shell:Creating environment hook '/root/ROS_sim/install/my_robot_controller/share/my_robot_controller/hook/pythonpath.sh'
[6.323s] Level 1:colcon.colcon_core.environment:checking '/root/ROS_sim/install/my_robot_controller/bin'
[6.324s] Level 1:colcon.colcon_core.environment:create_environment_scripts_only(my_robot_controller)
[6.325s] INFO:colcon.colcon_core.shell:Creating package script '/root/ROS_sim/install/my_robot_controller/share/my_robot_controller/package.ps1'
[6.332s] INFO:colcon.colcon_core.shell:Creating package descriptor '/root/ROS_sim/install/my_robot_controller/share/my_robot_controller/package.dsv'
[6.342s] INFO:colcon.colcon_core.shell:Creating package script '/root/ROS_sim/install/my_robot_controller/share/my_robot_controller/package.sh'
[6.350s] INFO:colcon.colcon_core.shell:Creating package script '/root/ROS_sim/install/my_robot_controller/share/my_robot_controller/package.bash'
[6.357s] INFO:colcon.colcon_core.shell:Creating package script '/root/ROS_sim/install/my_robot_controller/share/my_robot_controller/package.zsh'
[6.364s] Level 1:colcon.colcon_core.environment:create_file_with_runtime_dependencies(/root/ROS_sim/install/my_robot_controller/share/colcon-core/packages/my_robot_controller)
[6.378s] Level 1:colcon.colcon_core.shell:create_environment_hook('robot_sensing', 'pythonpath_develop')
[6.379s] INFO:colcon.colcon_core.shell:Creating environment hook '/root/ROS_sim/build/robot_sensing/share/robot_sensing/hook/pythonpath_develop.ps1'
[6.392s] DEBUG:colcon.colcon_core.event_handler.log_command:Invoked command in '/root/ROS_sim/build/robot_sensing' returned '0': PYTHONPATH=/root/ROS_sim/build/robot_sensing/prefix_override:/usr/lib/python3/dist-packages/colcon_core/task/python/colcon_distutils_commands:/root/ROS_sim/install/robot_sensing/lib/python3.10/site-packages:${PYTHONPATH} /usr/bin/python3 -W ignore:setup.py install is deprecated -W ignore:easy_install command is deprecated setup.py develop --editable --build-directory /root/ROS_sim/build/robot_sensing/build --no-deps symlink_data
[6.416s] INFO:colcon.colcon_core.shell:Creating environment descriptor '/root/ROS_sim/build/robot_sensing/share/robot_sensing/hook/pythonpath_develop.dsv'
[6.434s] INFO:colcon.colcon_core.shell:Creating environment hook '/root/ROS_sim/build/robot_sensing/share/robot_sensing/hook/pythonpath_develop.sh'
[6.465s] Level 1:colcon.colcon_core.environment:checking '/root/ROS_sim/install/robot_sensing' for CMake module files
[6.492s] Level 1:colcon.colcon_core.environment:checking '/root/ROS_sim/install/robot_sensing' for CMake config files
[6.524s] Level 1:colcon.colcon_core.environment:checking '/root/ROS_sim/install/robot_sensing/lib'
[6.529s] Level 1:colcon.colcon_core.environment:checking '/root/ROS_sim/install/robot_sensing/bin'
[6.531s] Level 1:colcon.colcon_core.environment:checking '/root/ROS_sim/install/robot_sensing/lib/pkgconfig/robot_sensing.pc'
[6.532s] Level 1:colcon.colcon_core.environment:checking '/root/ROS_sim/install/robot_sensing/lib/python3.10/site-packages'
[6.533s] Level 1:colcon.colcon_core.shell:create_environment_hook('robot_sensing', 'pythonpath')
[6.534s] INFO:colcon.colcon_core.shell:Creating environment hook '/root/ROS_sim/install/robot_sensing/share/robot_sensing/hook/pythonpath.ps1'
[6.550s] INFO:colcon.colcon_core.shell:Creating environment descriptor '/root/ROS_sim/install/robot_sensing/share/robot_sensing/hook/pythonpath.dsv'
[6.559s] INFO:colcon.colcon_core.shell:Creating environment hook '/root/ROS_sim/install/robot_sensing/share/robot_sensing/hook/pythonpath.sh'
[6.565s] Level 1:colcon.colcon_core.environment:checking '/root/ROS_sim/install/robot_sensing/bin'
[6.566s] Level 1:colcon.colcon_core.environment:create_environment_scripts_only(robot_sensing)
[6.571s] INFO:colcon.colcon_core.shell:Creating package script '/root/ROS_sim/install/robot_sensing/share/robot_sensing/package.ps1'
[6.578s] INFO:colcon.colcon_core.shell:Creating package descriptor '/root/ROS_sim/install/robot_sensing/share/robot_sensing/package.dsv'
[6.584s] INFO:colcon.colcon_core.shell:Creating package script '/root/ROS_sim/install/robot_sensing/share/robot_sensing/package.sh'
[6.589s] INFO:colcon.colcon_core.shell:Creating package script '/root/ROS_sim/install/robot_sensing/share/robot_sensing/package.bash'
[6.599s] INFO:colcon.colcon_core.shell:Creating package script '/root/ROS_sim/install/robot_sensing/share/robot_sensing/package.zsh'
[6.604s] Level 1:colcon.colcon_core.environment:create_file_with_runtime_dependencies(/root/ROS_sim/install/robot_sensing/share/colcon-core/packages/robot_sensing)
[6.613s] DEBUG:colcon.colcon_parallel_executor.executor.parallel:closing loop
[6.614s] DEBUG:colcon.colcon_parallel_executor.executor.parallel:loop closed
[6.615s] DEBUG:colcon.colcon_parallel_executor.executor.parallel:run_until_complete finished with '0'
[6.615s] DEBUG:colcon.colcon_core.event_reactor:joining thread
[6.659s] INFO:colcon.colcon_core.plugin_system:Skipping extension 'colcon_notification.desktop_notification.notify_send': Could not find 'notify-send'
[6.661s] INFO:colcon.colcon_core.plugin_system:Skipping extension 'colcon_notification.desktop_notification.terminal_notifier': Not used on non-Darwin systems
[6.662s] INFO:colcon.colcon_core.plugin_system:Skipping extension 'colcon_notification.desktop_notification.win32': Not used on non-Windows systems
[6.664s] INFO:colcon.colcon_notification.desktop_notification:Sending desktop notification using 'notify2'
[6.664s] DEBUG:colcon.colcon_notification.desktop_notification.notify2:Failed to initialize notify2: org.freedesktop.DBus.Error.NotSupported: Unable to autolaunch a dbus-daemon without a $DISPLAY for X11
[6.665s] DEBUG:colcon.colcon_core.event_reactor:joined thread
[6.666s] INFO:colcon.colcon_core.shell:Creating prefix script '/root/ROS_sim/install/local_setup.ps1'
[6.674s] INFO:colcon.colcon_core.shell:Creating prefix util module '/root/ROS_sim/install/_local_setup_util_ps1.py'
[6.682s] INFO:colcon.colcon_core.shell:Creating prefix chain script '/root/ROS_sim/install/setup.ps1'
[6.692s] INFO:colcon.colcon_core.shell:Creating prefix script '/root/ROS_sim/install/local_setup.sh'
[6.698s] INFO:colcon.colcon_core.shell:Creating prefix util module '/root/ROS_sim/install/_local_setup_util_sh.py'
[6.704s] INFO:colcon.colcon_core.shell:Creating prefix chain script '/root/ROS_sim/install/setup.sh'
[6.712s] INFO:colcon.colcon_core.shell:Creating prefix script '/root/ROS_sim/install/local_setup.bash'
[6.715s] INFO:colcon.colcon_core.shell:Creating prefix chain script '/root/ROS_sim/install/setup.bash'
[6.722s] INFO:colcon.colcon_core.shell:Creating prefix script '/root/ROS_sim/install/local_setup.zsh'
[6.726s] INFO:colcon.colcon_core.shell:Creating prefix chain script '/root/ROS_sim/install/setup.zsh'
