[0.176s] DEBUG:colcon:Command line arguments: ['/usr/bin/colcon', 'build']
[0.176s] DEBUG:colcon:Parsed command line arguments: Namespace(log_base=None, log_level=None, verb_name='build', build_base='build', install_base='install', merge_install=False, symlink_install=False, test_result_base=None, continue_on_error=False, executor='parallel', parallel_workers=4, event_handlers=None, ignore_user_meta=False, metas=['./colcon.meta'], base_paths=['.'], packages_ignore=None, packages_ignore_regex=None, paths=None, packages_up_to=None, packages_up_to_regex=None, packages_above=None, packages_above_and_dependencies=None, packages_above_depth=None, packages_select_by_dep=None, packages_skip_by_dep=None, packages_skip_up_to=None, packages_select_build_failed=False, packages_skip_build_finished=False, packages_select_test_failures=False, packages_skip_test_passed=False, packages_select=None, packages_skip=None, packages_select_regex=None, packages_skip_regex=None, packages_start=None, packages_end=None, cmake_args=None, cmake_target=None, cmake_target_skip_unavailable=False, cmake_clean_cache=False, cmake_clean_first=False, cmake_force_configure=False, ament_cmake_args=None, catkin_cmake_args=None, catkin_skip_building_tests=False, mixin_files=None, mixin=None, verb_parser=<colcon_mixin.mixin.mixin_argument.MixinArgumentDecorator object at 0x7f5540f0b550>, verb_extension=<colcon_core.verb.build.BuildVerb object at 0x7f5540f0af50>, main=<bound method BuildVerb.main of <colcon_core.verb.build.BuildVerb object at 0x7f5540f0af50>>, mixin_verb=('build',))
[0.378s] Level 1:colcon.colcon_core.package_discovery:discover_packages(colcon_meta) check parameters
[0.379s] INFO:colcon.colcon_metadata.package_discovery.colcon_meta:Using configuration from '/root/.colcon/metadata/default/Gazebo.meta'
[0.380s] INFO:colcon.colcon_metadata.package_discovery.colcon_meta:Using configuration from '/root/.colcon/metadata/default/fastdds.meta'
[0.381s] INFO:colcon.colcon_metadata.package_discovery.colcon_meta:Using configuration from '/root/.colcon/metadata/default/fastrtps.meta'
[0.382s] Level 1:colcon.colcon_core.package_discovery:discover_packages(recursive) check parameters
[0.382s] Level 1:colcon.colcon_core.package_discovery:discover_packages(ignore) check parameters
[0.383s] Level 1:colcon.colcon_core.package_discovery:discover_packages(path) check parameters
[0.383s] Level 1:colcon.colcon_core.package_discovery:discover_packages(colcon_meta) discover
[0.383s] Level 1:colcon.colcon_core.package_discovery:discover_packages(recursive) discover
[0.384s] INFO:colcon.colcon_core.package_discovery:Crawling recursively for packages in '/root/ROS_sim'
[0.385s] Level 1:colcon.colcon_core.package_identification:_identify(.) by extensions ['ignore', 'ignore_ament_install']
[0.386s] Level 1:colcon.colcon_core.package_identification:_identify(.) by extension 'ignore'
[0.386s] Level 1:colcon.colcon_core.package_identification:_identify(.) by extension 'ignore_ament_install'
[0.387s] Level 1:colcon.colcon_core.package_identification:_identify(.) by extensions ['colcon_pkg']
[0.387s] Level 1:colcon.colcon_core.package_identification:_identify(.) by extension 'colcon_pkg'
[0.388s] Level 1:colcon.colcon_core.package_identification:_identify(.) by extensions ['colcon_meta']
[0.388s] Level 1:colcon.colcon_core.package_identification:_identify(.) by extension 'colcon_meta'
[0.389s] Level 1:colcon.colcon_core.package_identification:_identify(.) by extensions ['ros']
[0.389s] Level 1:colcon.colcon_core.package_identification:_identify(.) by extension 'ros'
[0.419s] Level 1:colcon.colcon_core.package_identification:_identify(.) by extensions ['cmake', 'python']
[0.420s] Level 1:colcon.colcon_core.package_identification:_identify(.) by extension 'cmake'
[0.421s] Level 1:colcon.colcon_core.package_identification:_identify(.) by extension 'python'
[0.421s] Level 1:colcon.colcon_core.package_identification:_identify(.) by extensions ['python_setup_py']
[0.422s] Level 1:colcon.colcon_core.package_identification:_identify(.) by extension 'python_setup_py'
[0.423s] Level 1:colcon.colcon_core.package_identification:_identify(build) by extensions ['ignore', 'ignore_ament_install']
[0.424s] Level 1:colcon.colcon_core.package_identification:_identify(build) by extension 'ignore'
[0.424s] Level 1:colcon.colcon_core.package_identification:_identify(build) ignored
[0.426s] Level 1:colcon.colcon_core.package_identification:_identify(data) by extensions ['ignore', 'ignore_ament_install']
[0.426s] Level 1:colcon.colcon_core.package_identification:_identify(data) by extension 'ignore'
[0.427s] Level 1:colcon.colcon_core.package_identification:_identify(data) by extension 'ignore_ament_install'
[0.428s] Level 1:colcon.colcon_core.package_identification:_identify(data) by extensions ['colcon_pkg']
[0.428s] Level 1:colcon.colcon_core.package_identification:_identify(data) by extension 'colcon_pkg'
[0.429s] Level 1:colcon.colcon_core.package_identification:_identify(data) by extensions ['colcon_meta']
[0.429s] Level 1:colcon.colcon_core.package_identification:_identify(data) by extension 'colcon_meta'
[0.430s] Level 1:colcon.colcon_core.package_identification:_identify(data) by extensions ['ros']
[0.430s] Level 1:colcon.colcon_core.package_identification:_identify(data) by extension 'ros'
[0.431s] Level 1:colcon.colcon_core.package_identification:_identify(data) by extensions ['cmake', 'python']
[0.432s] Level 1:colcon.colcon_core.package_identification:_identify(data) by extension 'cmake'
[0.432s] Level 1:colcon.colcon_core.package_identification:_identify(data) by extension 'python'
[0.433s] Level 1:colcon.colcon_core.package_identification:_identify(data) by extensions ['python_setup_py']
[0.433s] Level 1:colcon.colcon_core.package_identification:_identify(data) by extension 'python_setup_py'
[0.434s] Level 1:colcon.colcon_core.package_identification:_identify(data/sensor_logs) by extensions ['ignore', 'ignore_ament_install']
[0.435s] Level 1:colcon.colcon_core.package_identification:_identify(data/sensor_logs) by extension 'ignore'
[0.435s] Level 1:colcon.colcon_core.package_identification:_identify(data/sensor_logs) by extension 'ignore_ament_install'
[0.436s] Level 1:colcon.colcon_core.package_identification:_identify(data/sensor_logs) by extensions ['colcon_pkg']
[0.436s] Level 1:colcon.colcon_core.package_identification:_identify(data/sensor_logs) by extension 'colcon_pkg'
[0.437s] Level 1:colcon.colcon_core.package_identification:_identify(data/sensor_logs) by extensions ['colcon_meta']
[0.437s] Level 1:colcon.colcon_core.package_identification:_identify(data/sensor_logs) by extension 'colcon_meta'
[0.437s] Level 1:colcon.colcon_core.package_identification:_identify(data/sensor_logs) by extensions ['ros']
[0.438s] Level 1:colcon.colcon_core.package_identification:_identify(data/sensor_logs) by extension 'ros'
[0.439s] Level 1:colcon.colcon_core.package_identification:_identify(data/sensor_logs) by extensions ['cmake', 'python']
[0.439s] Level 1:colcon.colcon_core.package_identification:_identify(data/sensor_logs) by extension 'cmake'
[0.439s] Level 1:colcon.colcon_core.package_identification:_identify(data/sensor_logs) by extension 'python'
[0.440s] Level 1:colcon.colcon_core.package_identification:_identify(data/sensor_logs) by extensions ['python_setup_py']
[0.440s] Level 1:colcon.colcon_core.package_identification:_identify(data/sensor_logs) by extension 'python_setup_py'
[0.442s] Level 1:colcon.colcon_core.package_identification:_identify(install) by extensions ['ignore', 'ignore_ament_install']
[0.442s] Level 1:colcon.colcon_core.package_identification:_identify(install) by extension 'ignore'
[0.442s] Level 1:colcon.colcon_core.package_identification:_identify(install) ignored
[0.443s] Level 1:colcon.colcon_core.package_identification:_identify(launch) by extensions ['ignore', 'ignore_ament_install']
[0.444s] Level 1:colcon.colcon_core.package_identification:_identify(launch) by extension 'ignore'
[0.444s] Level 1:colcon.colcon_core.package_identification:_identify(launch) by extension 'ignore_ament_install'
[0.445s] Level 1:colcon.colcon_core.package_identification:_identify(launch) by extensions ['colcon_pkg']
[0.445s] Level 1:colcon.colcon_core.package_identification:_identify(launch) by extension 'colcon_pkg'
[0.446s] Level 1:colcon.colcon_core.package_identification:_identify(launch) by extensions ['colcon_meta']
[0.446s] Level 1:colcon.colcon_core.package_identification:_identify(launch) by extension 'colcon_meta'
[0.446s] Level 1:colcon.colcon_core.package_identification:_identify(launch) by extensions ['ros']
[0.447s] Level 1:colcon.colcon_core.package_identification:_identify(launch) by extension 'ros'
[0.448s] Level 1:colcon.colcon_core.package_identification:_identify(launch) by extensions ['cmake', 'python']
[0.448s] Level 1:colcon.colcon_core.package_identification:_identify(launch) by extension 'cmake'
[0.449s] Level 1:colcon.colcon_core.package_identification:_identify(launch) by extension 'python'
[0.449s] Level 1:colcon.colcon_core.package_identification:_identify(launch) by extensions ['python_setup_py']
[0.449s] Level 1:colcon.colcon_core.package_identification:_identify(launch) by extension 'python_setup_py'
[0.451s] Level 1:colcon.colcon_core.package_identification:_identify(log) by extensions ['ignore', 'ignore_ament_install']
[0.452s] Level 1:colcon.colcon_core.package_identification:_identify(log) by extension 'ignore'
[0.453s] Level 1:colcon.colcon_core.package_identification:_identify(log) ignored
[0.454s] Level 1:colcon.colcon_core.package_identification:_identify(src) by extensions ['ignore', 'ignore_ament_install']
[0.454s] Level 1:colcon.colcon_core.package_identification:_identify(src) by extension 'ignore'
[0.455s] Level 1:colcon.colcon_core.package_identification:_identify(src) by extension 'ignore_ament_install'
[0.456s] Level 1:colcon.colcon_core.package_identification:_identify(src) by extensions ['colcon_pkg']
[0.456s] Level 1:colcon.colcon_core.package_identification:_identify(src) by extension 'colcon_pkg'
[0.456s] Level 1:colcon.colcon_core.package_identification:_identify(src) by extensions ['colcon_meta']
[0.457s] Level 1:colcon.colcon_core.package_identification:_identify(src) by extension 'colcon_meta'
[0.457s] Level 1:colcon.colcon_core.package_identification:_identify(src) by extensions ['ros']
[0.457s] Level 1:colcon.colcon_core.package_identification:_identify(src) by extension 'ros'
[0.458s] Level 1:colcon.colcon_core.package_identification:_identify(src) by extensions ['cmake', 'python']
[0.459s] Level 1:colcon.colcon_core.package_identification:_identify(src) by extension 'cmake'
[0.459s] Level 1:colcon.colcon_core.package_identification:_identify(src) by extension 'python'
[0.460s] Level 1:colcon.colcon_core.package_identification:_identify(src) by extensions ['python_setup_py']
[0.460s] Level 1:colcon.colcon_core.package_identification:_identify(src) by extension 'python_setup_py'
[0.461s] Level 1:colcon.colcon_core.package_identification:_identify(src/my_robot_controller) by extensions ['ignore', 'ignore_ament_install']
[0.462s] Level 1:colcon.colcon_core.package_identification:_identify(src/my_robot_controller) by extension 'ignore'
[0.462s] Level 1:colcon.colcon_core.package_identification:_identify(src/my_robot_controller) by extension 'ignore_ament_install'
[0.463s] Level 1:colcon.colcon_core.package_identification:_identify(src/my_robot_controller) by extensions ['colcon_pkg']
[0.463s] Level 1:colcon.colcon_core.package_identification:_identify(src/my_robot_controller) by extension 'colcon_pkg'
[0.464s] Level 1:colcon.colcon_core.package_identification:_identify(src/my_robot_controller) by extensions ['colcon_meta']
[0.464s] Level 1:colcon.colcon_core.package_identification:_identify(src/my_robot_controller) by extension 'colcon_meta'
[0.464s] Level 1:colcon.colcon_core.package_identification:_identify(src/my_robot_controller) by extensions ['ros']
[0.465s] Level 1:colcon.colcon_core.package_identification:_identify(src/my_robot_controller) by extension 'ros'
[0.471s] DEBUG:colcon.colcon_core.package_identification:Package 'src/my_robot_controller' with type 'ros.ament_python' and name 'my_robot_controller'
[0.472s] Level 1:colcon.colcon_core.package_identification:_identify(src/perception) by extensions ['ignore', 'ignore_ament_install']
[0.473s] Level 1:colcon.colcon_core.package_identification:_identify(src/perception) by extension 'ignore'
[0.473s] Level 1:colcon.colcon_core.package_identification:_identify(src/perception) by extension 'ignore_ament_install'
[0.474s] Level 1:colcon.colcon_core.package_identification:_identify(src/perception) by extensions ['colcon_pkg']
[0.474s] Level 1:colcon.colcon_core.package_identification:_identify(src/perception) by extension 'colcon_pkg'
[0.475s] Level 1:colcon.colcon_core.package_identification:_identify(src/perception) by extensions ['colcon_meta']
[0.475s] Level 1:colcon.colcon_core.package_identification:_identify(src/perception) by extension 'colcon_meta'
[0.475s] Level 1:colcon.colcon_core.package_identification:_identify(src/perception) by extensions ['ros']
[0.476s] Level 1:colcon.colcon_core.package_identification:_identify(src/perception) by extension 'ros'
[0.477s] Level 1:colcon.colcon_core.package_identification:_identify(src/perception) by extensions ['cmake', 'python']
[0.477s] Level 1:colcon.colcon_core.package_identification:_identify(src/perception) by extension 'cmake'
[0.477s] Level 1:colcon.colcon_core.package_identification:_identify(src/perception) by extension 'python'
[0.478s] Level 1:colcon.colcon_core.package_identification:_identify(src/perception) by extensions ['python_setup_py']
[0.478s] Level 1:colcon.colcon_core.package_identification:_identify(src/perception) by extension 'python_setup_py'
[0.479s] Level 1:colcon.colcon_core.package_identification:_identify(src/sensors) by extensions ['ignore', 'ignore_ament_install']
[0.480s] Level 1:colcon.colcon_core.package_identification:_identify(src/sensors) by extension 'ignore'
[0.480s] Level 1:colcon.colcon_core.package_identification:_identify(src/sensors) by extension 'ignore_ament_install'
[0.481s] Level 1:colcon.colcon_core.package_identification:_identify(src/sensors) by extensions ['colcon_pkg']
[0.481s] Level 1:colcon.colcon_core.package_identification:_identify(src/sensors) by extension 'colcon_pkg'
[0.482s] Level 1:colcon.colcon_core.package_identification:_identify(src/sensors) by extensions ['colcon_meta']
[0.482s] Level 1:colcon.colcon_core.package_identification:_identify(src/sensors) by extension 'colcon_meta'
[0.482s] Level 1:colcon.colcon_core.package_identification:_identify(src/sensors) by extensions ['ros']
[0.483s] Level 1:colcon.colcon_core.package_identification:_identify(src/sensors) by extension 'ros'
[0.484s] Level 1:colcon.colcon_core.package_identification:_identify(src/sensors) by extensions ['cmake', 'python']
[0.484s] Level 1:colcon.colcon_core.package_identification:_identify(src/sensors) by extension 'cmake'
[0.485s] Level 1:colcon.colcon_core.package_identification:_identify(src/sensors) by extension 'python'
[0.485s] Level 1:colcon.colcon_core.package_identification:_identify(src/sensors) by extensions ['python_setup_py']
[0.485s] Level 1:colcon.colcon_core.package_identification:_identify(src/sensors) by extension 'python_setup_py'
[0.487s] Level 1:colcon.colcon_core.package_identification:_identify(src/teleop) by extensions ['ignore', 'ignore_ament_install']
[0.487s] Level 1:colcon.colcon_core.package_identification:_identify(src/teleop) by extension 'ignore'
[0.487s] Level 1:colcon.colcon_core.package_identification:_identify(src/teleop) by extension 'ignore_ament_install'
[0.488s] Level 1:colcon.colcon_core.package_identification:_identify(src/teleop) by extensions ['colcon_pkg']
[0.488s] Level 1:colcon.colcon_core.package_identification:_identify(src/teleop) by extension 'colcon_pkg'
[0.489s] Level 1:colcon.colcon_core.package_identification:_identify(src/teleop) by extensions ['colcon_meta']
[0.489s] Level 1:colcon.colcon_core.package_identification:_identify(src/teleop) by extension 'colcon_meta'
[0.489s] Level 1:colcon.colcon_core.package_identification:_identify(src/teleop) by extensions ['ros']
[0.490s] Level 1:colcon.colcon_core.package_identification:_identify(src/teleop) by extension 'ros'
[0.491s] Level 1:colcon.colcon_core.package_identification:_identify(src/teleop) by extensions ['cmake', 'python']
[0.491s] Level 1:colcon.colcon_core.package_identification:_identify(src/teleop) by extension 'cmake'
[0.492s] Level 1:colcon.colcon_core.package_identification:_identify(src/teleop) by extension 'python'
[0.492s] Level 1:colcon.colcon_core.package_identification:_identify(src/teleop) by extensions ['python_setup_py']
[0.493s] Level 1:colcon.colcon_core.package_identification:_identify(src/teleop) by extension 'python_setup_py'
[0.494s] Level 1:colcon.colcon_core.package_identification:_identify(urdf) by extensions ['ignore', 'ignore_ament_install']
[0.495s] Level 1:colcon.colcon_core.package_identification:_identify(urdf) by extension 'ignore'
[0.495s] Level 1:colcon.colcon_core.package_identification:_identify(urdf) by extension 'ignore_ament_install'
[0.496s] Level 1:colcon.colcon_core.package_identification:_identify(urdf) by extensions ['colcon_pkg']
[0.496s] Level 1:colcon.colcon_core.package_identification:_identify(urdf) by extension 'colcon_pkg'
[0.497s] Level 1:colcon.colcon_core.package_identification:_identify(urdf) by extensions ['colcon_meta']
[0.497s] Level 1:colcon.colcon_core.package_identification:_identify(urdf) by extension 'colcon_meta'
[0.497s] Level 1:colcon.colcon_core.package_identification:_identify(urdf) by extensions ['ros']
[0.497s] Level 1:colcon.colcon_core.package_identification:_identify(urdf) by extension 'ros'
[0.499s] Level 1:colcon.colcon_core.package_identification:_identify(urdf) by extensions ['cmake', 'python']
[0.499s] Level 1:colcon.colcon_core.package_identification:_identify(urdf) by extension 'cmake'
[0.499s] Level 1:colcon.colcon_core.package_identification:_identify(urdf) by extension 'python'
[0.500s] Level 1:colcon.colcon_core.package_identification:_identify(urdf) by extensions ['python_setup_py']
[0.500s] Level 1:colcon.colcon_core.package_identification:_identify(urdf) by extension 'python_setup_py'
[0.501s] Level 1:colcon.colcon_core.package_identification:_identify(worlds) by extensions ['ignore', 'ignore_ament_install']
[0.502s] Level 1:colcon.colcon_core.package_identification:_identify(worlds) by extension 'ignore'
[0.502s] Level 1:colcon.colcon_core.package_identification:_identify(worlds) by extension 'ignore_ament_install'
[0.503s] Level 1:colcon.colcon_core.package_identification:_identify(worlds) by extensions ['colcon_pkg']
[0.503s] Level 1:colcon.colcon_core.package_identification:_identify(worlds) by extension 'colcon_pkg'
[0.504s] Level 1:colcon.colcon_core.package_identification:_identify(worlds) by extensions ['colcon_meta']
[0.504s] Level 1:colcon.colcon_core.package_identification:_identify(worlds) by extension 'colcon_meta'
[0.504s] Level 1:colcon.colcon_core.package_identification:_identify(worlds) by extensions ['ros']
[0.505s] Level 1:colcon.colcon_core.package_identification:_identify(worlds) by extension 'ros'
[0.506s] Level 1:colcon.colcon_core.package_identification:_identify(worlds) by extensions ['cmake', 'python']
[0.506s] Level 1:colcon.colcon_core.package_identification:_identify(worlds) by extension 'cmake'
[0.507s] Level 1:colcon.colcon_core.package_identification:_identify(worlds) by extension 'python'
[0.507s] Level 1:colcon.colcon_core.package_identification:_identify(worlds) by extensions ['python_setup_py']
[0.508s] Level 1:colcon.colcon_core.package_identification:_identify(worlds) by extension 'python_setup_py'
[0.508s] Level 1:colcon.colcon_core.package_discovery:discover_packages(recursive) using defaults
[0.509s] Level 1:colcon.colcon_core.package_discovery:discover_packages(ignore) discover
[0.509s] Level 1:colcon.colcon_core.package_discovery:discover_packages(ignore) using defaults
[0.509s] Level 1:colcon.colcon_core.package_discovery:discover_packages(path) discover
[0.509s] Level 1:colcon.colcon_core.package_discovery:discover_packages(path) using defaults
[0.550s] Level 5:colcon.colcon_core.verb:set package 'my_robot_controller' build argument 'cmake_args' from command line to 'None'
[0.551s] Level 5:colcon.colcon_core.verb:set package 'my_robot_controller' build argument 'cmake_target' from command line to 'None'
[0.551s] Level 5:colcon.colcon_core.verb:set package 'my_robot_controller' build argument 'cmake_target_skip_unavailable' from command line to 'False'
[0.552s] Level 5:colcon.colcon_core.verb:set package 'my_robot_controller' build argument 'cmake_clean_cache' from command line to 'False'
[0.552s] Level 5:colcon.colcon_core.verb:set package 'my_robot_controller' build argument 'cmake_clean_first' from command line to 'False'
[0.552s] Level 5:colcon.colcon_core.verb:set package 'my_robot_controller' build argument 'cmake_force_configure' from command line to 'False'
[0.553s] Level 5:colcon.colcon_core.verb:set package 'my_robot_controller' build argument 'ament_cmake_args' from command line to 'None'
[0.553s] Level 5:colcon.colcon_core.verb:set package 'my_robot_controller' build argument 'catkin_cmake_args' from command line to 'None'
[0.553s] Level 5:colcon.colcon_core.verb:set package 'my_robot_controller' build argument 'catkin_skip_building_tests' from command line to 'False'
[0.554s] DEBUG:colcon.colcon_core.verb:Building package 'my_robot_controller' with the following arguments: {'ament_cmake_args': None, 'build_base': '/root/ROS_sim/build/my_robot_controller', 'catkin_cmake_args': None, 'catkin_skip_building_tests': False, 'cmake_args': None, 'cmake_clean_cache': False, 'cmake_clean_first': False, 'cmake_force_configure': False, 'cmake_target': None, 'cmake_target_skip_unavailable': False, 'install_base': '/root/ROS_sim/install/my_robot_controller', 'merge_install': False, 'path': '/root/ROS_sim/src/my_robot_controller', 'symlink_install': False, 'test_result_base': None}
[0.554s] INFO:colcon.colcon_core.executor:Executing jobs using 'parallel' executor
[0.556s] DEBUG:colcon.colcon_parallel_executor.executor.parallel:run_until_complete
[0.557s] INFO:colcon.colcon_ros.task.ament_python.build:Building ROS package in '/root/ROS_sim/src/my_robot_controller' with build type 'ament_python'
[0.558s] Level 1:colcon.colcon_core.shell:create_environment_hook('my_robot_controller', 'ament_prefix_path')
[0.562s] INFO:colcon.colcon_core.plugin_system:Skipping extension 'colcon_core.shell.bat': Not used on non-Windows systems
[0.563s] INFO:colcon.colcon_core.shell:Creating environment hook '/root/ROS_sim/install/my_robot_controller/share/my_robot_controller/hook/ament_prefix_path.ps1'
[0.567s] INFO:colcon.colcon_core.shell:Creating environment descriptor '/root/ROS_sim/install/my_robot_controller/share/my_robot_controller/hook/ament_prefix_path.dsv'
[0.572s] INFO:colcon.colcon_core.shell:Creating environment hook '/root/ROS_sim/install/my_robot_controller/share/my_robot_controller/hook/ament_prefix_path.sh'
[0.581s] INFO:colcon.colcon_core.shell:Skip shell extension 'powershell' for command environment: Not usable outside of PowerShell
[0.582s] DEBUG:colcon.colcon_core.shell:Skip shell extension 'dsv' for command environment
[1.211s] INFO:colcon.colcon_core.task.python.build:Building Python package in '/root/ROS_sim/src/my_robot_controller'
[1.212s] INFO:colcon.colcon_core.shell:Skip shell extension 'powershell' for command environment: Not usable outside of PowerShell
[1.212s] DEBUG:colcon.colcon_core.shell:Skip shell extension 'dsv' for command environment
[1.943s] DEBUG:colcon.colcon_core.event_handler.log_command:Invoking command in '/root/ROS_sim/src/my_robot_controller': PYTHONPATH=/root/ROS_sim/build/my_robot_controller/prefix_override:/usr/lib/python3/dist-packages/colcon_core/task/python/colcon_distutils_commands:/root/ROS_sim/install/my_robot_controller/lib/python3.10/site-packages:${PYTHONPATH} /usr/bin/python3 -W ignore:setup.py install is deprecated -W ignore:easy_install command is deprecated setup.py egg_info --egg-base ../../build/my_robot_controller build --build-base /root/ROS_sim/build/my_robot_controller/build install --record /root/ROS_sim/build/my_robot_controller/install.log --single-version-externally-managed install_data
[2.665s] DEBUG:colcon.colcon_core.event_handler.log_command:Invoked command in '/root/ROS_sim/src/my_robot_controller' returned '0': PYTHONPATH=/root/ROS_sim/build/my_robot_controller/prefix_override:/usr/lib/python3/dist-packages/colcon_core/task/python/colcon_distutils_commands:/root/ROS_sim/install/my_robot_controller/lib/python3.10/site-packages:${PYTHONPATH} /usr/bin/python3 -W ignore:setup.py install is deprecated -W ignore:easy_install command is deprecated setup.py egg_info --egg-base ../../build/my_robot_controller build --build-base /root/ROS_sim/build/my_robot_controller/build install --record /root/ROS_sim/build/my_robot_controller/install.log --single-version-externally-managed install_data
[2.670s] Level 1:colcon.colcon_core.environment:checking '/root/ROS_sim/install/my_robot_controller' for CMake module files
[2.679s] Level 1:colcon.colcon_core.environment:checking '/root/ROS_sim/install/my_robot_controller' for CMake config files
[2.705s] Level 1:colcon.colcon_core.environment:checking '/root/ROS_sim/install/my_robot_controller/lib'
[2.708s] Level 1:colcon.colcon_core.environment:checking '/root/ROS_sim/install/my_robot_controller/bin'
[2.709s] Level 1:colcon.colcon_core.environment:checking '/root/ROS_sim/install/my_robot_controller/lib/pkgconfig/my_robot_controller.pc'
[2.713s] Level 1:colcon.colcon_core.environment:checking '/root/ROS_sim/install/my_robot_controller/lib/python3.10/site-packages'
[2.714s] Level 1:colcon.colcon_core.shell:create_environment_hook('my_robot_controller', 'pythonpath')
[2.715s] INFO:colcon.colcon_core.shell:Creating environment hook '/root/ROS_sim/install/my_robot_controller/share/my_robot_controller/hook/pythonpath.ps1'
[2.719s] INFO:colcon.colcon_core.shell:Creating environment descriptor '/root/ROS_sim/install/my_robot_controller/share/my_robot_controller/hook/pythonpath.dsv'
[2.722s] INFO:colcon.colcon_core.shell:Creating environment hook '/root/ROS_sim/install/my_robot_controller/share/my_robot_controller/hook/pythonpath.sh'
[2.726s] Level 1:colcon.colcon_core.environment:checking '/root/ROS_sim/install/my_robot_controller/bin'
[2.727s] Level 1:colcon.colcon_core.environment:create_environment_scripts_only(my_robot_controller)
[2.728s] INFO:colcon.colcon_core.shell:Creating package script '/root/ROS_sim/install/my_robot_controller/share/my_robot_controller/package.ps1'
[2.733s] INFO:colcon.colcon_core.shell:Creating package descriptor '/root/ROS_sim/install/my_robot_controller/share/my_robot_controller/package.dsv'
[2.739s] INFO:colcon.colcon_core.shell:Creating package script '/root/ROS_sim/install/my_robot_controller/share/my_robot_controller/package.sh'
[2.744s] INFO:colcon.colcon_core.shell:Creating package script '/root/ROS_sim/install/my_robot_controller/share/my_robot_controller/package.bash'
[2.751s] INFO:colcon.colcon_core.shell:Creating package script '/root/ROS_sim/install/my_robot_controller/share/my_robot_controller/package.zsh'
[2.757s] Level 1:colcon.colcon_core.environment:create_file_with_runtime_dependencies(/root/ROS_sim/install/my_robot_controller/share/colcon-core/packages/my_robot_controller)
[2.761s] DEBUG:colcon.colcon_parallel_executor.executor.parallel:closing loop
[2.762s] DEBUG:colcon.colcon_parallel_executor.executor.parallel:loop closed
[2.763s] DEBUG:colcon.colcon_parallel_executor.executor.parallel:run_until_complete finished with '0'
[2.763s] DEBUG:colcon.colcon_core.event_reactor:joining thread
[2.831s] INFO:colcon.colcon_core.plugin_system:Skipping extension 'colcon_notification.desktop_notification.notify_send': Could not find 'notify-send'
[2.832s] INFO:colcon.colcon_core.plugin_system:Skipping extension 'colcon_notification.desktop_notification.terminal_notifier': Not used on non-Darwin systems
[2.832s] INFO:colcon.colcon_core.plugin_system:Skipping extension 'colcon_notification.desktop_notification.win32': Not used on non-Windows systems
[2.834s] INFO:colcon.colcon_notification.desktop_notification:Sending desktop notification using 'notify2'
[2.835s] DEBUG:colcon.colcon_notification.desktop_notification.notify2:Failed to initialize notify2: org.freedesktop.DBus.Error.NotSupported: Unable to autolaunch a dbus-daemon without a $DISPLAY for X11
[2.876s] DEBUG:colcon.colcon_core.event_reactor:joined thread
[2.877s] INFO:colcon.colcon_core.shell:Creating prefix script '/root/ROS_sim/install/local_setup.ps1'
[2.891s] INFO:colcon.colcon_core.shell:Creating prefix util module '/root/ROS_sim/install/_local_setup_util_ps1.py'
[2.903s] INFO:colcon.colcon_core.shell:Creating prefix chain script '/root/ROS_sim/install/setup.ps1'
[2.926s] INFO:colcon.colcon_core.shell:Creating prefix script '/root/ROS_sim/install/local_setup.sh'
[2.940s] INFO:colcon.colcon_core.shell:Creating prefix util module '/root/ROS_sim/install/_local_setup_util_sh.py'
[2.944s] INFO:colcon.colcon_core.shell:Creating prefix chain script '/root/ROS_sim/install/setup.sh'
[2.958s] INFO:colcon.colcon_core.shell:Creating prefix script '/root/ROS_sim/install/local_setup.bash'
[2.963s] INFO:colcon.colcon_core.shell:Creating prefix chain script '/root/ROS_sim/install/setup.bash'
[2.973s] INFO:colcon.colcon_core.shell:Creating prefix script '/root/ROS_sim/install/local_setup.zsh'
[2.978s] INFO:colcon.colcon_core.shell:Creating prefix chain script '/root/ROS_sim/install/setup.zsh'
