[0.410s] DEBUG:colcon:Command line arguments: ['/usr/bin/colcon', 'build', '--symlink-install']
[0.411s] DEBUG:colcon:Parsed command line arguments: Namespace(log_base=None, log_level=None, verb_name='build', build_base='build', install_base='install', merge_install=False, symlink_install=True, test_result_base=None, continue_on_error=False, executor='parallel', parallel_workers=4, event_handlers=None, ignore_user_meta=False, metas=['./colcon.meta'], base_paths=['.'], packages_ignore=None, packages_ignore_regex=None, paths=None, packages_up_to=None, packages_up_to_regex=None, packages_above=None, packages_above_and_dependencies=None, packages_above_depth=None, packages_select_by_dep=None, packages_skip_by_dep=None, packages_skip_up_to=None, packages_select_build_failed=False, packages_skip_build_finished=False, packages_select_test_failures=False, packages_skip_test_passed=False, packages_select=None, packages_skip=None, packages_select_regex=None, packages_skip_regex=None, packages_start=None, packages_end=None, cmake_args=None, cmake_target=None, cmake_target_skip_unavailable=False, cmake_clean_cache=False, cmake_clean_first=False, cmake_force_configure=False, ament_cmake_args=None, catkin_cmake_args=None, catkin_skip_building_tests=False, mixin_files=None, mixin=None, verb_parser=<colcon_mixin.mixin.mixin_argument.MixinArgumentDecorator object at 0x7f664320f790>, verb_extension=<colcon_core.verb.build.BuildVerb object at 0x7f664320f190>, main=<bound method BuildVerb.main of <colcon_core.verb.build.BuildVerb object at 0x7f664320f190>>, mixin_verb=('build',))
[0.780s] Level 1:colcon.colcon_core.package_discovery:discover_packages(colcon_meta) check parameters
[0.782s] INFO:colcon.colcon_metadata.package_discovery.colcon_meta:Using configuration from '/root/.colcon/metadata/default/Gazebo.meta'
[0.783s] INFO:colcon.colcon_metadata.package_discovery.colcon_meta:Using configuration from '/root/.colcon/metadata/default/fastdds.meta'
[0.784s] INFO:colcon.colcon_metadata.package_discovery.colcon_meta:Using configuration from '/root/.colcon/metadata/default/fastrtps.meta'
[0.785s] Level 1:colcon.colcon_core.package_discovery:discover_packages(recursive) check parameters
[0.785s] Level 1:colcon.colcon_core.package_discovery:discover_packages(ignore) check parameters
[0.786s] Level 1:colcon.colcon_core.package_discovery:discover_packages(path) check parameters
[0.786s] Level 1:colcon.colcon_core.package_discovery:discover_packages(colcon_meta) discover
[0.787s] Level 1:colcon.colcon_core.package_discovery:discover_packages(recursive) discover
[0.787s] INFO:colcon.colcon_core.package_discovery:Crawling recursively for packages in '/root/ROS_sim'
[0.789s] Level 1:colcon.colcon_core.package_identification:_identify(.) by extensions ['ignore', 'ignore_ament_install']
[0.789s] Level 1:colcon.colcon_core.package_identification:_identify(.) by extension 'ignore'
[0.790s] Level 1:colcon.colcon_core.package_identification:_identify(.) by extension 'ignore_ament_install'
[0.791s] Level 1:colcon.colcon_core.package_identification:_identify(.) by extensions ['colcon_pkg']
[0.792s] Level 1:colcon.colcon_core.package_identification:_identify(.) by extension 'colcon_pkg'
[0.792s] Level 1:colcon.colcon_core.package_identification:_identify(.) by extensions ['colcon_meta']
[0.793s] Level 1:colcon.colcon_core.package_identification:_identify(.) by extension 'colcon_meta'
[0.793s] Level 1:colcon.colcon_core.package_identification:_identify(.) by extensions ['ros']
[0.793s] Level 1:colcon.colcon_core.package_identification:_identify(.) by extension 'ros'
[0.831s] Level 1:colcon.colcon_core.package_identification:_identify(.) by extensions ['cmake', 'python']
[0.831s] Level 1:colcon.colcon_core.package_identification:_identify(.) by extension 'cmake'
[0.832s] Level 1:colcon.colcon_core.package_identification:_identify(.) by extension 'python'
[0.833s] Level 1:colcon.colcon_core.package_identification:_identify(.) by extensions ['python_setup_py']
[0.833s] Level 1:colcon.colcon_core.package_identification:_identify(.) by extension 'python_setup_py'
[0.836s] Level 1:colcon.colcon_core.package_identification:_identify(build) by extensions ['ignore', 'ignore_ament_install']
[0.837s] Level 1:colcon.colcon_core.package_identification:_identify(build) by extension 'ignore'
[0.837s] Level 1:colcon.colcon_core.package_identification:_identify(build) ignored
[0.840s] Level 1:colcon.colcon_core.package_identification:_identify(data) by extensions ['ignore', 'ignore_ament_install']
[0.841s] Level 1:colcon.colcon_core.package_identification:_identify(data) by extension 'ignore'
[0.842s] Level 1:colcon.colcon_core.package_identification:_identify(data) by extension 'ignore_ament_install'
[0.845s] Level 1:colcon.colcon_core.package_identification:_identify(data) by extensions ['colcon_pkg']
[0.845s] Level 1:colcon.colcon_core.package_identification:_identify(data) by extension 'colcon_pkg'
[0.846s] Level 1:colcon.colcon_core.package_identification:_identify(data) by extensions ['colcon_meta']
[0.846s] Level 1:colcon.colcon_core.package_identification:_identify(data) by extension 'colcon_meta'
[0.846s] Level 1:colcon.colcon_core.package_identification:_identify(data) by extensions ['ros']
[0.847s] Level 1:colcon.colcon_core.package_identification:_identify(data) by extension 'ros'
[0.849s] Level 1:colcon.colcon_core.package_identification:_identify(data) by extensions ['cmake', 'python']
[0.851s] Level 1:colcon.colcon_core.package_identification:_identify(data) by extension 'cmake'
[0.854s] Level 1:colcon.colcon_core.package_identification:_identify(data) by extension 'python'
[0.854s] Level 1:colcon.colcon_core.package_identification:_identify(data) by extensions ['python_setup_py']
[0.855s] Level 1:colcon.colcon_core.package_identification:_identify(data) by extension 'python_setup_py'
[0.859s] Level 1:colcon.colcon_core.package_identification:_identify(data/sensor_logs) by extensions ['ignore', 'ignore_ament_install']
[0.860s] Level 1:colcon.colcon_core.package_identification:_identify(data/sensor_logs) by extension 'ignore'
[0.861s] Level 1:colcon.colcon_core.package_identification:_identify(data/sensor_logs) by extension 'ignore_ament_install'
[0.862s] Level 1:colcon.colcon_core.package_identification:_identify(data/sensor_logs) by extensions ['colcon_pkg']
[0.863s] Level 1:colcon.colcon_core.package_identification:_identify(data/sensor_logs) by extension 'colcon_pkg'
[0.864s] Level 1:colcon.colcon_core.package_identification:_identify(data/sensor_logs) by extensions ['colcon_meta']
[0.864s] Level 1:colcon.colcon_core.package_identification:_identify(data/sensor_logs) by extension 'colcon_meta'
[0.865s] Level 1:colcon.colcon_core.package_identification:_identify(data/sensor_logs) by extensions ['ros']
[0.865s] Level 1:colcon.colcon_core.package_identification:_identify(data/sensor_logs) by extension 'ros'
[0.867s] Level 1:colcon.colcon_core.package_identification:_identify(data/sensor_logs) by extensions ['cmake', 'python']
[0.868s] Level 1:colcon.colcon_core.package_identification:_identify(data/sensor_logs) by extension 'cmake'
[0.868s] Level 1:colcon.colcon_core.package_identification:_identify(data/sensor_logs) by extension 'python'
[0.869s] Level 1:colcon.colcon_core.package_identification:_identify(data/sensor_logs) by extensions ['python_setup_py']
[0.870s] Level 1:colcon.colcon_core.package_identification:_identify(data/sensor_logs) by extension 'python_setup_py'
[0.872s] Level 1:colcon.colcon_core.package_identification:_identify(install) by extensions ['ignore', 'ignore_ament_install']
[0.873s] Level 1:colcon.colcon_core.package_identification:_identify(install) by extension 'ignore'
[0.873s] Level 1:colcon.colcon_core.package_identification:_identify(install) ignored
[0.875s] Level 1:colcon.colcon_core.package_identification:_identify(launch) by extensions ['ignore', 'ignore_ament_install']
[0.875s] Level 1:colcon.colcon_core.package_identification:_identify(launch) by extension 'ignore'
[0.876s] Level 1:colcon.colcon_core.package_identification:_identify(launch) by extension 'ignore_ament_install'
[0.877s] Level 1:colcon.colcon_core.package_identification:_identify(launch) by extensions ['colcon_pkg']
[0.878s] Level 1:colcon.colcon_core.package_identification:_identify(launch) by extension 'colcon_pkg'
[0.878s] Level 1:colcon.colcon_core.package_identification:_identify(launch) by extensions ['colcon_meta']
[0.878s] Level 1:colcon.colcon_core.package_identification:_identify(launch) by extension 'colcon_meta'
[0.879s] Level 1:colcon.colcon_core.package_identification:_identify(launch) by extensions ['ros']
[0.879s] Level 1:colcon.colcon_core.package_identification:_identify(launch) by extension 'ros'
[0.881s] Level 1:colcon.colcon_core.package_identification:_identify(launch) by extensions ['cmake', 'python']
[0.881s] Level 1:colcon.colcon_core.package_identification:_identify(launch) by extension 'cmake'
[0.882s] Level 1:colcon.colcon_core.package_identification:_identify(launch) by extension 'python'
[0.882s] Level 1:colcon.colcon_core.package_identification:_identify(launch) by extensions ['python_setup_py']
[0.883s] Level 1:colcon.colcon_core.package_identification:_identify(launch) by extension 'python_setup_py'
[0.885s] Level 1:colcon.colcon_core.package_identification:_identify(log) by extensions ['ignore', 'ignore_ament_install']
[0.885s] Level 1:colcon.colcon_core.package_identification:_identify(log) by extension 'ignore'
[0.885s] Level 1:colcon.colcon_core.package_identification:_identify(log) ignored
[0.887s] Level 1:colcon.colcon_core.package_identification:_identify(src) by extensions ['ignore', 'ignore_ament_install']
[0.887s] Level 1:colcon.colcon_core.package_identification:_identify(src) by extension 'ignore'
[0.888s] Level 1:colcon.colcon_core.package_identification:_identify(src) by extension 'ignore_ament_install'
[0.888s] Level 1:colcon.colcon_core.package_identification:_identify(src) by extensions ['colcon_pkg']
[0.889s] Level 1:colcon.colcon_core.package_identification:_identify(src) by extension 'colcon_pkg'
[0.889s] Level 1:colcon.colcon_core.package_identification:_identify(src) by extensions ['colcon_meta']
[0.889s] Level 1:colcon.colcon_core.package_identification:_identify(src) by extension 'colcon_meta'
[0.890s] Level 1:colcon.colcon_core.package_identification:_identify(src) by extensions ['ros']
[0.890s] Level 1:colcon.colcon_core.package_identification:_identify(src) by extension 'ros'
[0.892s] Level 1:colcon.colcon_core.package_identification:_identify(src) by extensions ['cmake', 'python']
[0.892s] Level 1:colcon.colcon_core.package_identification:_identify(src) by extension 'cmake'
[0.893s] Level 1:colcon.colcon_core.package_identification:_identify(src) by extension 'python'
[0.893s] Level 1:colcon.colcon_core.package_identification:_identify(src) by extensions ['python_setup_py']
[0.894s] Level 1:colcon.colcon_core.package_identification:_identify(src) by extension 'python_setup_py'
[0.895s] Level 1:colcon.colcon_core.package_identification:_identify(src/my_robot_controller) by extensions ['ignore', 'ignore_ament_install']
[0.896s] Level 1:colcon.colcon_core.package_identification:_identify(src/my_robot_controller) by extension 'ignore'
[0.896s] Level 1:colcon.colcon_core.package_identification:_identify(src/my_robot_controller) by extension 'ignore_ament_install'
[0.897s] Level 1:colcon.colcon_core.package_identification:_identify(src/my_robot_controller) by extensions ['colcon_pkg']
[0.897s] Level 1:colcon.colcon_core.package_identification:_identify(src/my_robot_controller) by extension 'colcon_pkg'
[0.898s] Level 1:colcon.colcon_core.package_identification:_identify(src/my_robot_controller) by extensions ['colcon_meta']
[0.898s] Level 1:colcon.colcon_core.package_identification:_identify(src/my_robot_controller) by extension 'colcon_meta'
[0.898s] Level 1:colcon.colcon_core.package_identification:_identify(src/my_robot_controller) by extensions ['ros']
[0.898s] Level 1:colcon.colcon_core.package_identification:_identify(src/my_robot_controller) by extension 'ros'
[0.912s] DEBUG:colcon.colcon_core.package_identification:Package 'src/my_robot_controller' with type 'ros.ament_python' and name 'my_robot_controller'
[0.914s] Level 1:colcon.colcon_core.package_identification:_identify(src/perception) by extensions ['ignore', 'ignore_ament_install']
[0.915s] Level 1:colcon.colcon_core.package_identification:_identify(src/perception) by extension 'ignore'
[0.916s] Level 1:colcon.colcon_core.package_identification:_identify(src/perception) by extension 'ignore_ament_install'
[0.917s] Level 1:colcon.colcon_core.package_identification:_identify(src/perception) by extensions ['colcon_pkg']
[0.918s] Level 1:colcon.colcon_core.package_identification:_identify(src/perception) by extension 'colcon_pkg'
[0.918s] Level 1:colcon.colcon_core.package_identification:_identify(src/perception) by extensions ['colcon_meta']
[0.919s] Level 1:colcon.colcon_core.package_identification:_identify(src/perception) by extension 'colcon_meta'
[0.919s] Level 1:colcon.colcon_core.package_identification:_identify(src/perception) by extensions ['ros']
[0.919s] Level 1:colcon.colcon_core.package_identification:_identify(src/perception) by extension 'ros'
[0.921s] Level 1:colcon.colcon_core.package_identification:_identify(src/perception) by extensions ['cmake', 'python']
[0.921s] Level 1:colcon.colcon_core.package_identification:_identify(src/perception) by extension 'cmake'
[0.921s] Level 1:colcon.colcon_core.package_identification:_identify(src/perception) by extension 'python'
[0.922s] Level 1:colcon.colcon_core.package_identification:_identify(src/perception) by extensions ['python_setup_py']
[0.922s] Level 1:colcon.colcon_core.package_identification:_identify(src/perception) by extension 'python_setup_py'
[0.923s] Level 1:colcon.colcon_core.package_identification:_identify(src/sensors) by extensions ['ignore', 'ignore_ament_install']
[0.924s] Level 1:colcon.colcon_core.package_identification:_identify(src/sensors) by extension 'ignore'
[0.926s] Level 1:colcon.colcon_core.package_identification:_identify(src/sensors) by extension 'ignore_ament_install'
[0.927s] Level 1:colcon.colcon_core.package_identification:_identify(src/sensors) by extensions ['colcon_pkg']
[0.927s] Level 1:colcon.colcon_core.package_identification:_identify(src/sensors) by extension 'colcon_pkg'
[0.928s] Level 1:colcon.colcon_core.package_identification:_identify(src/sensors) by extensions ['colcon_meta']
[0.928s] Level 1:colcon.colcon_core.package_identification:_identify(src/sensors) by extension 'colcon_meta'
[0.928s] Level 1:colcon.colcon_core.package_identification:_identify(src/sensors) by extensions ['ros']
[0.929s] Level 1:colcon.colcon_core.package_identification:_identify(src/sensors) by extension 'ros'
[0.930s] Level 1:colcon.colcon_core.package_identification:_identify(src/sensors) by extensions ['cmake', 'python']
[0.930s] Level 1:colcon.colcon_core.package_identification:_identify(src/sensors) by extension 'cmake'
[0.930s] Level 1:colcon.colcon_core.package_identification:_identify(src/sensors) by extension 'python'
[0.931s] Level 1:colcon.colcon_core.package_identification:_identify(src/sensors) by extensions ['python_setup_py']
[0.931s] Level 1:colcon.colcon_core.package_identification:_identify(src/sensors) by extension 'python_setup_py'
[0.933s] Level 1:colcon.colcon_core.package_identification:_identify(src/teleop) by extensions ['ignore', 'ignore_ament_install']
[0.933s] Level 1:colcon.colcon_core.package_identification:_identify(src/teleop) by extension 'ignore'
[0.933s] Level 1:colcon.colcon_core.package_identification:_identify(src/teleop) by extension 'ignore_ament_install'
[0.934s] Level 1:colcon.colcon_core.package_identification:_identify(src/teleop) by extensions ['colcon_pkg']
[0.934s] Level 1:colcon.colcon_core.package_identification:_identify(src/teleop) by extension 'colcon_pkg'
[0.935s] Level 1:colcon.colcon_core.package_identification:_identify(src/teleop) by extensions ['colcon_meta']
[0.935s] Level 1:colcon.colcon_core.package_identification:_identify(src/teleop) by extension 'colcon_meta'
[0.936s] Level 1:colcon.colcon_core.package_identification:_identify(src/teleop) by extensions ['ros']
[0.936s] Level 1:colcon.colcon_core.package_identification:_identify(src/teleop) by extension 'ros'
[0.937s] Level 1:colcon.colcon_core.package_identification:_identify(src/teleop) by extensions ['cmake', 'python']
[0.938s] Level 1:colcon.colcon_core.package_identification:_identify(src/teleop) by extension 'cmake'
[0.938s] Level 1:colcon.colcon_core.package_identification:_identify(src/teleop) by extension 'python'
[0.939s] Level 1:colcon.colcon_core.package_identification:_identify(src/teleop) by extensions ['python_setup_py']
[0.939s] Level 1:colcon.colcon_core.package_identification:_identify(src/teleop) by extension 'python_setup_py'
[0.940s] Level 1:colcon.colcon_core.package_identification:_identify(urdf) by extensions ['ignore', 'ignore_ament_install']
[0.941s] Level 1:colcon.colcon_core.package_identification:_identify(urdf) by extension 'ignore'
[0.941s] Level 1:colcon.colcon_core.package_identification:_identify(urdf) by extension 'ignore_ament_install'
[0.942s] Level 1:colcon.colcon_core.package_identification:_identify(urdf) by extensions ['colcon_pkg']
[0.942s] Level 1:colcon.colcon_core.package_identification:_identify(urdf) by extension 'colcon_pkg'
[0.943s] Level 1:colcon.colcon_core.package_identification:_identify(urdf) by extensions ['colcon_meta']
[0.943s] Level 1:colcon.colcon_core.package_identification:_identify(urdf) by extension 'colcon_meta'
[0.943s] Level 1:colcon.colcon_core.package_identification:_identify(urdf) by extensions ['ros']
[0.944s] Level 1:colcon.colcon_core.package_identification:_identify(urdf) by extension 'ros'
[0.945s] Level 1:colcon.colcon_core.package_identification:_identify(urdf) by extensions ['cmake', 'python']
[0.945s] Level 1:colcon.colcon_core.package_identification:_identify(urdf) by extension 'cmake'
[0.946s] Level 1:colcon.colcon_core.package_identification:_identify(urdf) by extension 'python'
[0.946s] Level 1:colcon.colcon_core.package_identification:_identify(urdf) by extensions ['python_setup_py']
[0.946s] Level 1:colcon.colcon_core.package_identification:_identify(urdf) by extension 'python_setup_py'
[0.948s] Level 1:colcon.colcon_core.package_identification:_identify(worlds) by extensions ['ignore', 'ignore_ament_install']
[0.948s] Level 1:colcon.colcon_core.package_identification:_identify(worlds) by extension 'ignore'
[0.949s] Level 1:colcon.colcon_core.package_identification:_identify(worlds) by extension 'ignore_ament_install'
[0.949s] Level 1:colcon.colcon_core.package_identification:_identify(worlds) by extensions ['colcon_pkg']
[0.949s] Level 1:colcon.colcon_core.package_identification:_identify(worlds) by extension 'colcon_pkg'
[0.950s] Level 1:colcon.colcon_core.package_identification:_identify(worlds) by extensions ['colcon_meta']
[0.950s] Level 1:colcon.colcon_core.package_identification:_identify(worlds) by extension 'colcon_meta'
[0.951s] Level 1:colcon.colcon_core.package_identification:_identify(worlds) by extensions ['ros']
[0.951s] Level 1:colcon.colcon_core.package_identification:_identify(worlds) by extension 'ros'
[0.952s] Level 1:colcon.colcon_core.package_identification:_identify(worlds) by extensions ['cmake', 'python']
[0.952s] Level 1:colcon.colcon_core.package_identification:_identify(worlds) by extension 'cmake'
[0.953s] Level 1:colcon.colcon_core.package_identification:_identify(worlds) by extension 'python'
[0.953s] Level 1:colcon.colcon_core.package_identification:_identify(worlds) by extensions ['python_setup_py']
[0.954s] Level 1:colcon.colcon_core.package_identification:_identify(worlds) by extension 'python_setup_py'
[0.954s] Level 1:colcon.colcon_core.package_discovery:discover_packages(recursive) using defaults
[0.954s] Level 1:colcon.colcon_core.package_discovery:discover_packages(ignore) discover
[0.955s] Level 1:colcon.colcon_core.package_discovery:discover_packages(ignore) using defaults
[0.955s] Level 1:colcon.colcon_core.package_discovery:discover_packages(path) discover
[0.955s] Level 1:colcon.colcon_core.package_discovery:discover_packages(path) using defaults
[1.014s] Level 5:colcon.colcon_core.verb:set package 'my_robot_controller' build argument 'cmake_args' from command line to 'None'
[1.014s] Level 5:colcon.colcon_core.verb:set package 'my_robot_controller' build argument 'cmake_target' from command line to 'None'
[1.015s] Level 5:colcon.colcon_core.verb:set package 'my_robot_controller' build argument 'cmake_target_skip_unavailable' from command line to 'False'
[1.015s] Level 5:colcon.colcon_core.verb:set package 'my_robot_controller' build argument 'cmake_clean_cache' from command line to 'False'
[1.016s] Level 5:colcon.colcon_core.verb:set package 'my_robot_controller' build argument 'cmake_clean_first' from command line to 'False'
[1.016s] Level 5:colcon.colcon_core.verb:set package 'my_robot_controller' build argument 'cmake_force_configure' from command line to 'False'
[1.016s] Level 5:colcon.colcon_core.verb:set package 'my_robot_controller' build argument 'ament_cmake_args' from command line to 'None'
[1.017s] Level 5:colcon.colcon_core.verb:set package 'my_robot_controller' build argument 'catkin_cmake_args' from command line to 'None'
[1.017s] Level 5:colcon.colcon_core.verb:set package 'my_robot_controller' build argument 'catkin_skip_building_tests' from command line to 'False'
[1.017s] DEBUG:colcon.colcon_core.verb:Building package 'my_robot_controller' with the following arguments: {'ament_cmake_args': None, 'build_base': '/root/ROS_sim/build/my_robot_controller', 'catkin_cmake_args': None, 'catkin_skip_building_tests': False, 'cmake_args': None, 'cmake_clean_cache': False, 'cmake_clean_first': False, 'cmake_force_configure': False, 'cmake_target': None, 'cmake_target_skip_unavailable': False, 'install_base': '/root/ROS_sim/install/my_robot_controller', 'merge_install': False, 'path': '/root/ROS_sim/src/my_robot_controller', 'symlink_install': True, 'test_result_base': None}
[1.018s] INFO:colcon.colcon_core.executor:Executing jobs using 'parallel' executor
[1.023s] DEBUG:colcon.colcon_parallel_executor.executor.parallel:run_until_complete
[1.025s] INFO:colcon.colcon_ros.task.ament_python.build:Building ROS package in '/root/ROS_sim/src/my_robot_controller' with build type 'ament_python'
[1.025s] Level 1:colcon.colcon_core.shell:create_environment_hook('my_robot_controller', 'ament_prefix_path')
[1.038s] INFO:colcon.colcon_core.plugin_system:Skipping extension 'colcon_core.shell.bat': Not used on non-Windows systems
[1.039s] INFO:colcon.colcon_core.shell:Creating environment hook '/root/ROS_sim/install/my_robot_controller/share/my_robot_controller/hook/ament_prefix_path.ps1'
[1.048s] INFO:colcon.colcon_core.shell:Creating environment descriptor '/root/ROS_sim/install/my_robot_controller/share/my_robot_controller/hook/ament_prefix_path.dsv'
[1.056s] INFO:colcon.colcon_core.shell:Creating environment hook '/root/ROS_sim/install/my_robot_controller/share/my_robot_controller/hook/ament_prefix_path.sh'
[1.061s] INFO:colcon.colcon_core.shell:Skip shell extension 'powershell' for command environment: Not usable outside of PowerShell
[1.062s] DEBUG:colcon.colcon_core.shell:Skip shell extension 'dsv' for command environment
[1.521s] INFO:colcon.colcon_core.task.python.build:Building Python package in '/root/ROS_sim/src/my_robot_controller'
[1.521s] INFO:colcon.colcon_core.shell:Skip shell extension 'powershell' for command environment: Not usable outside of PowerShell
[1.522s] DEBUG:colcon.colcon_core.shell:Skip shell extension 'dsv' for command environment
[2.482s] DEBUG:colcon.colcon_core.event_handler.log_command:Invoking command in '/root/ROS_sim/build/my_robot_controller': PYTHONPATH=/root/ROS_sim/build/my_robot_controller/prefix_override:/usr/lib/python3/dist-packages/colcon_core/task/python/colcon_distutils_commands:/root/ROS_sim/install/my_robot_controller/lib/python3.10/site-packages:${PYTHONPATH} /usr/bin/python3 -W ignore:setup.py install is deprecated -W ignore:easy_install command is deprecated setup.py develop --editable --build-directory /root/ROS_sim/build/my_robot_controller/build --no-deps symlink_data
[3.423s] Level 1:colcon.colcon_core.shell:create_environment_hook('my_robot_controller', 'pythonpath_develop')
[3.424s] INFO:colcon.colcon_core.shell:Creating environment hook '/root/ROS_sim/build/my_robot_controller/share/my_robot_controller/hook/pythonpath_develop.ps1'
[3.425s] DEBUG:colcon.colcon_core.event_handler.log_command:Invoked command in '/root/ROS_sim/build/my_robot_controller' returned '0': PYTHONPATH=/root/ROS_sim/build/my_robot_controller/prefix_override:/usr/lib/python3/dist-packages/colcon_core/task/python/colcon_distutils_commands:/root/ROS_sim/install/my_robot_controller/lib/python3.10/site-packages:${PYTHONPATH} /usr/bin/python3 -W ignore:setup.py install is deprecated -W ignore:easy_install command is deprecated setup.py develop --editable --build-directory /root/ROS_sim/build/my_robot_controller/build --no-deps symlink_data
[3.427s] INFO:colcon.colcon_core.shell:Creating environment descriptor '/root/ROS_sim/build/my_robot_controller/share/my_robot_controller/hook/pythonpath_develop.dsv'
[3.430s] INFO:colcon.colcon_core.shell:Creating environment hook '/root/ROS_sim/build/my_robot_controller/share/my_robot_controller/hook/pythonpath_develop.sh'
[3.446s] Level 1:colcon.colcon_core.environment:checking '/root/ROS_sim/install/my_robot_controller' for CMake module files
[3.456s] Level 1:colcon.colcon_core.environment:checking '/root/ROS_sim/install/my_robot_controller' for CMake config files
[3.475s] Level 1:colcon.colcon_core.environment:checking '/root/ROS_sim/install/my_robot_controller/lib'
[3.477s] Level 1:colcon.colcon_core.environment:checking '/root/ROS_sim/install/my_robot_controller/bin'
[3.478s] Level 1:colcon.colcon_core.environment:checking '/root/ROS_sim/install/my_robot_controller/lib/pkgconfig/my_robot_controller.pc'
[3.479s] Level 1:colcon.colcon_core.environment:checking '/root/ROS_sim/install/my_robot_controller/lib/python3.10/site-packages'
[3.479s] Level 1:colcon.colcon_core.shell:create_environment_hook('my_robot_controller', 'pythonpath')
[3.480s] INFO:colcon.colcon_core.shell:Creating environment hook '/root/ROS_sim/install/my_robot_controller/share/my_robot_controller/hook/pythonpath.ps1'
[3.484s] INFO:colcon.colcon_core.shell:Creating environment descriptor '/root/ROS_sim/install/my_robot_controller/share/my_robot_controller/hook/pythonpath.dsv'
[3.495s] INFO:colcon.colcon_core.shell:Creating environment hook '/root/ROS_sim/install/my_robot_controller/share/my_robot_controller/hook/pythonpath.sh'
[3.506s] Level 1:colcon.colcon_core.environment:checking '/root/ROS_sim/install/my_robot_controller/bin'
[3.508s] Level 1:colcon.colcon_core.environment:create_environment_scripts_only(my_robot_controller)
[3.510s] INFO:colcon.colcon_core.shell:Creating package script '/root/ROS_sim/install/my_robot_controller/share/my_robot_controller/package.ps1'
[3.516s] INFO:colcon.colcon_core.shell:Creating package descriptor '/root/ROS_sim/install/my_robot_controller/share/my_robot_controller/package.dsv'
[3.520s] INFO:colcon.colcon_core.shell:Creating package script '/root/ROS_sim/install/my_robot_controller/share/my_robot_controller/package.sh'
[3.525s] INFO:colcon.colcon_core.shell:Creating package script '/root/ROS_sim/install/my_robot_controller/share/my_robot_controller/package.bash'
[3.532s] INFO:colcon.colcon_core.shell:Creating package script '/root/ROS_sim/install/my_robot_controller/share/my_robot_controller/package.zsh'
[3.538s] Level 1:colcon.colcon_core.environment:create_file_with_runtime_dependencies(/root/ROS_sim/install/my_robot_controller/share/colcon-core/packages/my_robot_controller)
[3.543s] DEBUG:colcon.colcon_parallel_executor.executor.parallel:closing loop
[3.543s] DEBUG:colcon.colcon_parallel_executor.executor.parallel:loop closed
[3.544s] DEBUG:colcon.colcon_parallel_executor.executor.parallel:run_until_complete finished with '0'
[3.544s] DEBUG:colcon.colcon_core.event_reactor:joining thread
[3.625s] INFO:colcon.colcon_core.plugin_system:Skipping extension 'colcon_notification.desktop_notification.notify_send': Could not find 'notify-send'
[3.626s] INFO:colcon.colcon_core.plugin_system:Skipping extension 'colcon_notification.desktop_notification.terminal_notifier': Not used on non-Darwin systems
[3.627s] INFO:colcon.colcon_core.plugin_system:Skipping extension 'colcon_notification.desktop_notification.win32': Not used on non-Windows systems
[3.629s] INFO:colcon.colcon_notification.desktop_notification:Sending desktop notification using 'notify2'
[3.639s] DEBUG:colcon.colcon_notification.desktop_notification.notify2:Failed to initialize notify2: org.freedesktop.DBus.Error.NotSupported: Unable to autolaunch a dbus-daemon without a $DISPLAY for X11
[3.640s] DEBUG:colcon.colcon_core.event_reactor:joined thread
[3.641s] INFO:colcon.colcon_core.shell:Creating prefix script '/root/ROS_sim/install/local_setup.ps1'
[3.652s] INFO:colcon.colcon_core.shell:Creating prefix util module '/root/ROS_sim/install/_local_setup_util_ps1.py'
[3.672s] INFO:colcon.colcon_core.shell:Creating prefix chain script '/root/ROS_sim/install/setup.ps1'
[3.716s] INFO:colcon.colcon_core.shell:Creating prefix script '/root/ROS_sim/install/local_setup.sh'
[3.723s] INFO:colcon.colcon_core.shell:Creating prefix util module '/root/ROS_sim/install/_local_setup_util_sh.py'
[3.728s] INFO:colcon.colcon_core.shell:Creating prefix chain script '/root/ROS_sim/install/setup.sh'
[3.735s] INFO:colcon.colcon_core.shell:Creating prefix script '/root/ROS_sim/install/local_setup.bash'
[3.741s] INFO:colcon.colcon_core.shell:Creating prefix chain script '/root/ROS_sim/install/setup.bash'
[3.749s] INFO:colcon.colcon_core.shell:Creating prefix script '/root/ROS_sim/install/local_setup.zsh'
[3.754s] INFO:colcon.colcon_core.shell:Creating prefix chain script '/root/ROS_sim/install/setup.zsh'
