running develop
running egg_info
creating robot_sensing.egg-info
writing robot_sensing.egg-info/PKG-INFO
writing dependency_links to robot_sensing.egg-info/dependency_links.txt
writing entry points to robot_sensing.egg-info/entry_points.txt
writing requirements to robot_sensing.egg-info/requires.txt
writing top-level names to robot_sensing.egg-info/top_level.txt
writing manifest file 'robot_sensing.egg-info/SOURCES.txt'
reading manifest file 'robot_sensing.egg-info/SOURCES.txt'
writing manifest file 'robot_sensing.egg-info/SOURCES.txt'
running build_ext
Creating /root/ROS_sim/install/robot_sensing/lib/python3.10/site-packages/robot-sensing.egg-link (link to .)
Installing imu_lidar_sub script to /root/ROS_sim/install/robot_sensing/lib/robot_sensing

Installed /root/ROS_sim/build/robot_sensing
running symlink_data
creating /root/ROS_sim/install/robot_sensing/share/ament_index
creating /root/ROS_sim/install/robot_sensing/share/ament_index/resource_index
creating /root/ROS_sim/install/robot_sensing/share/ament_index/resource_index/packages
symbolically linking /root/ROS_sim/build/robot_sensing/resource/robot_sensing -> /root/ROS_sim/install/robot_sensing/share/ament_index/resource_index/packages
symbolically linking /root/ROS_sim/build/robot_sensing/package.xml -> /root/ROS_sim/install/robot_sensing/share/robot_sensing
