running develop
running egg_info
creating my_robot_controller.egg-info
writing my_robot_controller.egg-info/PKG-INFO
writing dependency_links to my_robot_controller.egg-info/dependency_links.txt
writing entry points to my_robot_controller.egg-info/entry_points.txt
writing requirements to my_robot_controller.egg-info/requires.txt
writing top-level names to my_robot_controller.egg-info/top_level.txt
writing manifest file 'my_robot_controller.egg-info/SOURCES.txt'
reading manifest file 'my_robot_controller.egg-info/SOURCES.txt'
writing manifest file 'my_robot_controller.egg-info/SOURCES.txt'
running build_ext
Creating /root/ROS_sim/install/my_robot_controller/lib/python3.10/site-packages/my-robot-controller.egg-link (link to .)
Installing subscriber script to /root/ROS_sim/install/my_robot_controller/lib/my_robot_controller
Installing test_node script to /root/ROS_sim/install/my_robot_controller/lib/my_robot_controller

Installed /root/ROS_sim/build/my_robot_controller
running symlink_data
creating /root/ROS_sim/install/my_robot_controller/share/ament_index
creating /root/ROS_sim/install/my_robot_controller/share/ament_index/resource_index
creating /root/ROS_sim/install/my_robot_controller/share/ament_index/resource_index/packages
symbolically linking /root/ROS_sim/build/my_robot_controller/resource/my_robot_controller -> /root/ROS_sim/install/my_robot_controller/share/ament_index/resource_index/packages
symbolically linking /root/ROS_sim/build/my_robot_controller/package.xml -> /root/ROS_sim/install/my_robot_controller/share/my_robot_controller
